{"C:\\Users\\JUAN MORA\\Desktop\\OctavoSemestre\\ProyectoDesSoftw\\Proyecto\\BACKEND\\app\\Models\\Archive.ts":{"path":"C:\\Users\\JUAN MORA\\Desktop\\OctavoSemestre\\ProyectoDesSoftw\\Proyecto\\BACKEND\\app\\Models\\Archive.ts","statementMap":{"0":{"start":{"line":2,"column":17},"end":{"line":7,"column":1}},"1":{"start":{"line":3,"column":12},"end":{"line":3,"column":28}},"2":{"start":{"line":3,"column":34},"end":{"line":3,"column":125}},"3":{"start":{"line":4,"column":4},"end":{"line":5,"column":150}},"4":{"start":{"line":4,"column":79},"end":{"line":4,"column":131}},"5":{"start":{"line":5,"column":9},"end":{"line":5,"column":150}},"6":{"start":{"line":5,"column":22},"end":{"line":5,"column":43}},"7":{"start":{"line":5,"column":58},"end":{"line":5,"column":150}},"8":{"start":{"line":5,"column":81},"end":{"line":5,"column":150}},"9":{"start":{"line":6,"column":4},"end":{"line":6,"column":66}},"10":{"start":{"line":8,"column":17},"end":{"line":10,"column":1}},"11":{"start":{"line":9,"column":4},"end":{"line":9,"column":109}},"12":{"start":{"line":9,"column":79},"end":{"line":9,"column":109}},"13":{"start":{"line":11,"column":22},"end":{"line":13,"column":1}},"14":{"start":{"line":12,"column":4},"end":{"line":12,"column":62}},"15":{"start":{"line":15,"column":0},"end":{"line":15,"column":62}},"16":{"start":{"line":16,"column":16},"end":{"line":16,"column":32}},"17":{"start":{"line":17,"column":14},"end":{"line":17,"column":63}},"18":{"start":{"line":18,"column":19},"end":{"line":18,"column":57}},"19":{"start":{"line":20,"column":0},"end":{"line":23,"column":50}},"20":{"start":{"line":21,"column":4},"end":{"line":21,"column":43}},"21":{"start":{"line":22,"column":4},"end":{"line":22,"column":45}},"22":{"start":{"line":26,"column":0},"end":{"line":29,"column":36}},"23":{"start":{"line":30,"column":0},"end":{"line":33,"column":38}},"24":{"start":{"line":34,"column":0},"end":{"line":37,"column":40}},"25":{"start":{"line":38,"column":0},"end":{"line":41,"column":44}},"26":{"start":{"line":42,"column":0},"end":{"line":45,"column":45}},"27":{"start":{"line":46,"column":0},"end":{"line":49,"column":43}},"28":{"start":{"line":50,"column":0},"end":{"line":53,"column":43}},"29":{"start":{"line":54,"column":0},"end":{"line":57,"column":42}},"30":{"start":{"line":55,"column":31},"end":{"line":55,"column":49}},"31":{"start":{"line":58,"column":0},"end":{"line":58,"column":26}}},"fnMap":{"0":{"name":"(anonymous_0)","decl":{"start":{"line":2,"column":46},"end":{"line":2,"column":47}},"loc":{"start":{"line":2,"column":87},"end":{"line":7,"column":1}},"line":2},"1":{"name":"(anonymous_1)","decl":{"start":{"line":8,"column":46},"end":{"line":8,"column":47}},"loc":{"start":{"line":8,"column":62},"end":{"line":10,"column":1}},"line":8},"2":{"name":"(anonymous_2)","decl":{"start":{"line":11,"column":56},"end":{"line":11,"column":57}},"loc":{"start":{"line":11,"column":71},"end":{"line":13,"column":1}},"line":11},"3":{"name":"(anonymous_3)","decl":{"start":{"line":20,"column":1},"end":{"line":20,"column":2}},"loc":{"start":{"line":20,"column":30},"end":{"line":23,"column":1}},"line":20},"4":{"name":"(anonymous_4)","decl":{"start":{"line":55,"column":25},"end":{"line":55,"column":26}},"loc":{"start":{"line":55,"column":31},"end":{"line":55,"column":49}},"line":55}},"branchMap":{"0":{"loc":{"start":{"line":2,"column":17},"end":{"line":7,"column":1}},"type":"binary-expr","locations":[{"start":{"line":2,"column":18},"end":{"line":2,"column":22}},{"start":{"line":2,"column":26},"end":{"line":2,"column":41}},{"start":{"line":2,"column":46},"end":{"line":7,"column":1}}],"line":2},"1":{"loc":{"start":{"line":3,"column":34},"end":{"line":3,"column":125}},"type":"cond-expr","locations":[{"start":{"line":3,"column":42},"end":{"line":3,"column":48}},{"start":{"line":3,"column":51},"end":{"line":3,"column":125}}],"line":3},"2":{"loc":{"start":{"line":3,"column":51},"end":{"line":3,"column":125}},"type":"cond-expr","locations":[{"start":{"line":3,"column":67},"end":{"line":3,"column":118}},{"start":{"line":3,"column":121},"end":{"line":3,"column":125}}],"line":3},"3":{"loc":{"start":{"line":4,"column":4},"end":{"line":5,"column":150}},"type":"if","locations":[{"start":{"line":4,"column":4},"end":{"line":5,"column":150}},{"start":{"line":4,"column":4},"end":{"line":5,"column":150}}],"line":4},"4":{"loc":{"start":{"line":4,"column":8},"end":{"line":4,"column":77}},"type":"binary-expr","locations":[{"start":{"line":4,"column":8},"end":{"line":4,"column":35}},{"start":{"line":4,"column":39},"end":{"line":4,"column":77}}],"line":4},"5":{"loc":{"start":{"line":5,"column":58},"end":{"line":5,"column":150}},"type":"if","locations":[{"start":{"line":5,"column":58},"end":{"line":5,"column":150}},{"start":{"line":5,"column":58},"end":{"line":5,"column":150}}],"line":5},"6":{"loc":{"start":{"line":5,"column":85},"end":{"line":5,"column":149}},"type":"binary-expr","locations":[{"start":{"line":5,"column":86},"end":{"line":5,"column":143}},{"start":{"line":5,"column":148},"end":{"line":5,"column":149}}],"line":5},"7":{"loc":{"start":{"line":5,"column":86},"end":{"line":5,"column":143}},"type":"cond-expr","locations":[{"start":{"line":5,"column":94},"end":{"line":5,"column":98}},{"start":{"line":5,"column":101},"end":{"line":5,"column":143}}],"line":5},"8":{"loc":{"start":{"line":5,"column":101},"end":{"line":5,"column":143}},"type":"cond-expr","locations":[{"start":{"line":5,"column":109},"end":{"line":5,"column":126}},{"start":{"line":5,"column":129},"end":{"line":5,"column":143}}],"line":5},"9":{"loc":{"start":{"line":6,"column":11},"end":{"line":6,"column":62}},"type":"binary-expr","locations":[{"start":{"line":6,"column":11},"end":{"line":6,"column":16}},{"start":{"line":6,"column":20},"end":{"line":6,"column":21}},{"start":{"line":6,"column":25},"end":{"line":6,"column":62}}],"line":6},"10":{"loc":{"start":{"line":8,"column":17},"end":{"line":10,"column":1}},"type":"binary-expr","locations":[{"start":{"line":8,"column":18},"end":{"line":8,"column":22}},{"start":{"line":8,"column":26},"end":{"line":8,"column":41}},{"start":{"line":8,"column":46},"end":{"line":10,"column":1}}],"line":8},"11":{"loc":{"start":{"line":9,"column":4},"end":{"line":9,"column":109}},"type":"if","locations":[{"start":{"line":9,"column":4},"end":{"line":9,"column":109}},{"start":{"line":9,"column":4},"end":{"line":9,"column":109}}],"line":9},"12":{"loc":{"start":{"line":9,"column":8},"end":{"line":9,"column":77}},"type":"binary-expr","locations":[{"start":{"line":9,"column":8},"end":{"line":9,"column":35}},{"start":{"line":9,"column":39},"end":{"line":9,"column":77}}],"line":9},"13":{"loc":{"start":{"line":11,"column":22},"end":{"line":13,"column":1}},"type":"binary-expr","locations":[{"start":{"line":11,"column":23},"end":{"line":11,"column":27}},{"start":{"line":11,"column":31},"end":{"line":11,"column":51}},{"start":{"line":11,"column":56},"end":{"line":13,"column":1}}],"line":11},"14":{"loc":{"start":{"line":12,"column":11},"end":{"line":12,"column":61}},"type":"cond-expr","locations":[{"start":{"line":12,"column":37},"end":{"line":12,"column":40}},{"start":{"line":12,"column":43},"end":{"line":12,"column":61}}],"line":12},"15":{"loc":{"start":{"line":12,"column":12},"end":{"line":12,"column":33}},"type":"binary-expr","locations":[{"start":{"line":12,"column":12},"end":{"line":12,"column":15}},{"start":{"line":12,"column":19},"end":{"line":12,"column":33}}],"line":12},"16":{"loc":{"start":{"line":23,"column":3},"end":{"line":23,"column":48}},"type":"binary-expr","locations":[{"start":{"line":23,"column":3},"end":{"line":23,"column":20}},{"start":{"line":23,"column":25},"end":{"line":23,"column":47}}],"line":23},"17":{"loc":{"start":{"line":48,"column":30},"end":{"line":48,"column":132}},"type":"cond-expr","locations":[{"start":{"line":48,"column":121},"end":{"line":48,"column":123}},{"start":{"line":48,"column":126},"end":{"line":48,"column":132}}],"line":48},"18":{"loc":{"start":{"line":48,"column":43},"end":{"line":48,"column":102}},"type":"binary-expr","locations":[{"start":{"line":48,"column":43},"end":{"line":48,"column":82}},{"start":{"line":48,"column":86},"end":{"line":48,"column":102}}],"line":48},"19":{"loc":{"start":{"line":52,"column":30},"end":{"line":52,"column":132}},"type":"cond-expr","locations":[{"start":{"line":52,"column":121},"end":{"line":52,"column":123}},{"start":{"line":52,"column":126},"end":{"line":52,"column":132}}],"line":52},"20":{"loc":{"start":{"line":52,"column":43},"end":{"line":52,"column":102}},"type":"binary-expr","locations":[{"start":{"line":52,"column":43},"end":{"line":52,"column":82}},{"start":{"line":52,"column":86},"end":{"line":52,"column":102}}],"line":52},"21":{"loc":{"start":{"line":56,"column":30},"end":{"line":56,"column":130}},"type":"cond-expr","locations":[{"start":{"line":56,"column":119},"end":{"line":56,"column":121}},{"start":{"line":56,"column":124},"end":{"line":56,"column":130}}],"line":56},"22":{"loc":{"start":{"line":56,"column":43},"end":{"line":56,"column":100}},"type":"binary-expr","locations":[{"start":{"line":56,"column":43},"end":{"line":56,"column":81}},{"start":{"line":56,"column":85},"end":{"line":56,"column":100}}],"line":56}},"s":{"0":1,"1":8,"2":8,"3":8,"4":8,"5":0,"6":0,"7":0,"8":0,"9":8,"10":1,"11":8,"12":8,"13":1,"14":1,"15":1,"16":1,"17":1,"18":1,"19":1,"20":1,"21":1,"22":1,"23":1,"24":1,"25":1,"26":1,"27":1,"28":1,"29":1,"30":0,"31":1},"f":{"0":8,"1":8,"2":1,"3":1,"4":0},"b":{"0":[1,1,1],"1":[0,8],"2":[0,8],"3":[8,0],"4":[8,8],"5":[0,0],"6":[0,0],"7":[0,0],"8":[0,0],"9":[8,8,0],"10":[1,1,1],"11":[8,0],"12":[8,8],"13":[1,1,1],"14":[1,0],"15":[1,1],"16":[1,1],"17":[1,0],"18":[1,1],"19":[1,0],"20":[1,1],"21":[0,1],"22":[1,0]},"inputSourceMap":{"version":3,"file":"Archive.js","sourceRoot":"","sources":["Archive.ts"],"names":[],"mappings":";;;;;;;;;;;;;;;AAAA,iCAAgC;AAChC,gEAI0C;AAC1C,0DAAiC;AAEjC,IAAK,iBAGJ;AAHD,WAAK,iBAAiB;IACpB,sCAAiB,CAAA;IACjB,wCAAmB,CAAA;AACrB,CAAC,EAHI,iBAAiB,KAAjB,iBAAiB,QAGrB;AAED,MAAqB,OAAQ,SAAQ,eAAS;CAwB7C;AAtBC;IADC,IAAA,YAAM,EAAC,EAAE,SAAS,EAAE,IAAI,EAAE,CAAC;;mCACX;AAGjB;IADC,IAAA,YAAM,GAAE;;qCACU;AAGnB;IADC,IAAA,YAAM,GAAE;;uCACY;AAGrB;IADC,IAAA,YAAM,GAAE;;2CAC2B;AAGpC;IADC,IAAA,YAAM,GAAE;;4CACW;AAGpB;IADC,YAAM,CAAC,QAAQ,CAAC,EAAE,UAAU,EAAE,IAAI,EAAE,CAAC;kDACpB,gBAAQ,oBAAR,gBAAQ;0CAAA;AAG1B;IADC,YAAM,CAAC,QAAQ,CAAC,EAAE,UAAU,EAAE,IAAI,EAAE,UAAU,EAAE,IAAI,EAAE,CAAC;kDACtC,gBAAQ,oBAAR,gBAAQ;0CAAA;AAG1B;IADC,IAAA,eAAS,EAAC,GAAG,EAAE,CAAC,kBAAQ,EAAE,EAAC,UAAU,EAAE,aAAa,EAAC,CAAC;kDACtC,eAAS,oBAAT,eAAS;yCAAiB;AAvB7C,0BAwBC","sourcesContent":["import { DateTime } from 'luxon'\nimport {\n  BaseModel,\n  column,\n  belongsTo,\n  BelongsTo } from '@ioc:Adonis/Lucid/Orm'\nimport Category from './Category'\n  \nenum archiveVisibility {\n  Public = 'Public',\n  Private = 'Private'\n}\n\nexport default class Archive extends BaseModel {\n  @column({ isPrimary: true })\n  public id: number\n\n  @column()\n  public name:string;\n\n  @column()\n  public format:string;\n\n  @column()\n  public visibility:archiveVisibility;\n\n  @column()\n  category_id: number;\n\n  @column.dateTime({ autoCreate: true })\n  public createdAt: DateTime\n\n  @column.dateTime({ autoCreate: true, autoUpdate: true })\n  public updatedAt: DateTime\n\n  @belongsTo(() => Category, {foreignKey: 'category_id'})\n  public category: BelongsTo<typeof Category>\n}\n"]},"_coverageSchema":"1a1c01bbd47fc00a2c39e90264f33305004495a9","hash":"9297a46c00fca867179877a883e8481a24c2cf54"},"C:\\Users\\JUAN MORA\\Desktop\\OctavoSemestre\\ProyectoDesSoftw\\Proyecto\\BACKEND\\app\\Models\\Category.ts":{"path":"C:\\Users\\JUAN MORA\\Desktop\\OctavoSemestre\\ProyectoDesSoftw\\Proyecto\\BACKEND\\app\\Models\\Category.ts","statementMap":{"0":{"start":{"line":2,"column":17},"end":{"line":7,"column":1}},"1":{"start":{"line":3,"column":12},"end":{"line":3,"column":28}},"2":{"start":{"line":3,"column":34},"end":{"line":3,"column":125}},"3":{"start":{"line":4,"column":4},"end":{"line":5,"column":150}},"4":{"start":{"line":4,"column":79},"end":{"line":4,"column":131}},"5":{"start":{"line":5,"column":9},"end":{"line":5,"column":150}},"6":{"start":{"line":5,"column":22},"end":{"line":5,"column":43}},"7":{"start":{"line":5,"column":58},"end":{"line":5,"column":150}},"8":{"start":{"line":5,"column":81},"end":{"line":5,"column":150}},"9":{"start":{"line":6,"column":4},"end":{"line":6,"column":66}},"10":{"start":{"line":8,"column":17},"end":{"line":10,"column":1}},"11":{"start":{"line":9,"column":4},"end":{"line":9,"column":109}},"12":{"start":{"line":9,"column":79},"end":{"line":9,"column":109}},"13":{"start":{"line":11,"column":22},"end":{"line":13,"column":1}},"14":{"start":{"line":12,"column":4},"end":{"line":12,"column":62}},"15":{"start":{"line":15,"column":0},"end":{"line":15,"column":62}},"16":{"start":{"line":16,"column":16},"end":{"line":16,"column":32}},"17":{"start":{"line":17,"column":14},"end":{"line":17,"column":63}},"18":{"start":{"line":18,"column":18},"end":{"line":18,"column":55}},"19":{"start":{"line":19,"column":18},"end":{"line":19,"column":55}},"20":{"start":{"line":22,"column":0},"end":{"line":25,"column":37}},"21":{"start":{"line":26,"column":0},"end":{"line":29,"column":39}},"22":{"start":{"line":30,"column":0},"end":{"line":33,"column":45}},"23":{"start":{"line":34,"column":0},"end":{"line":37,"column":44}},"24":{"start":{"line":38,"column":0},"end":{"line":41,"column":44}},"25":{"start":{"line":42,"column":0},"end":{"line":45,"column":42}},"26":{"start":{"line":43,"column":31},"end":{"line":43,"column":48}},"27":{"start":{"line":46,"column":0},"end":{"line":49,"column":43}},"28":{"start":{"line":47,"column":29},"end":{"line":47,"column":46}},"29":{"start":{"line":50,"column":0},"end":{"line":50,"column":27}}},"fnMap":{"0":{"name":"(anonymous_0)","decl":{"start":{"line":2,"column":46},"end":{"line":2,"column":47}},"loc":{"start":{"line":2,"column":87},"end":{"line":7,"column":1}},"line":2},"1":{"name":"(anonymous_1)","decl":{"start":{"line":8,"column":46},"end":{"line":8,"column":47}},"loc":{"start":{"line":8,"column":62},"end":{"line":10,"column":1}},"line":8},"2":{"name":"(anonymous_2)","decl":{"start":{"line":11,"column":56},"end":{"line":11,"column":57}},"loc":{"start":{"line":11,"column":71},"end":{"line":13,"column":1}},"line":11},"3":{"name":"(anonymous_3)","decl":{"start":{"line":43,"column":25},"end":{"line":43,"column":26}},"loc":{"start":{"line":43,"column":31},"end":{"line":43,"column":48}},"line":43},"4":{"name":"(anonymous_4)","decl":{"start":{"line":47,"column":23},"end":{"line":47,"column":24}},"loc":{"start":{"line":47,"column":29},"end":{"line":47,"column":46}},"line":47}},"branchMap":{"0":{"loc":{"start":{"line":2,"column":17},"end":{"line":7,"column":1}},"type":"binary-expr","locations":[{"start":{"line":2,"column":18},"end":{"line":2,"column":22}},{"start":{"line":2,"column":26},"end":{"line":2,"column":41}},{"start":{"line":2,"column":46},"end":{"line":7,"column":1}}],"line":2},"1":{"loc":{"start":{"line":3,"column":34},"end":{"line":3,"column":125}},"type":"cond-expr","locations":[{"start":{"line":3,"column":42},"end":{"line":3,"column":48}},{"start":{"line":3,"column":51},"end":{"line":3,"column":125}}],"line":3},"2":{"loc":{"start":{"line":3,"column":51},"end":{"line":3,"column":125}},"type":"cond-expr","locations":[{"start":{"line":3,"column":67},"end":{"line":3,"column":118}},{"start":{"line":3,"column":121},"end":{"line":3,"column":125}}],"line":3},"3":{"loc":{"start":{"line":4,"column":4},"end":{"line":5,"column":150}},"type":"if","locations":[{"start":{"line":4,"column":4},"end":{"line":5,"column":150}},{"start":{"line":4,"column":4},"end":{"line":5,"column":150}}],"line":4},"4":{"loc":{"start":{"line":4,"column":8},"end":{"line":4,"column":77}},"type":"binary-expr","locations":[{"start":{"line":4,"column":8},"end":{"line":4,"column":35}},{"start":{"line":4,"column":39},"end":{"line":4,"column":77}}],"line":4},"5":{"loc":{"start":{"line":5,"column":58},"end":{"line":5,"column":150}},"type":"if","locations":[{"start":{"line":5,"column":58},"end":{"line":5,"column":150}},{"start":{"line":5,"column":58},"end":{"line":5,"column":150}}],"line":5},"6":{"loc":{"start":{"line":5,"column":85},"end":{"line":5,"column":149}},"type":"binary-expr","locations":[{"start":{"line":5,"column":86},"end":{"line":5,"column":143}},{"start":{"line":5,"column":148},"end":{"line":5,"column":149}}],"line":5},"7":{"loc":{"start":{"line":5,"column":86},"end":{"line":5,"column":143}},"type":"cond-expr","locations":[{"start":{"line":5,"column":94},"end":{"line":5,"column":98}},{"start":{"line":5,"column":101},"end":{"line":5,"column":143}}],"line":5},"8":{"loc":{"start":{"line":5,"column":101},"end":{"line":5,"column":143}},"type":"cond-expr","locations":[{"start":{"line":5,"column":109},"end":{"line":5,"column":126}},{"start":{"line":5,"column":129},"end":{"line":5,"column":143}}],"line":5},"9":{"loc":{"start":{"line":6,"column":11},"end":{"line":6,"column":62}},"type":"binary-expr","locations":[{"start":{"line":6,"column":11},"end":{"line":6,"column":16}},{"start":{"line":6,"column":20},"end":{"line":6,"column":21}},{"start":{"line":6,"column":25},"end":{"line":6,"column":62}}],"line":6},"10":{"loc":{"start":{"line":8,"column":17},"end":{"line":10,"column":1}},"type":"binary-expr","locations":[{"start":{"line":8,"column":18},"end":{"line":8,"column":22}},{"start":{"line":8,"column":26},"end":{"line":8,"column":41}},{"start":{"line":8,"column":46},"end":{"line":10,"column":1}}],"line":8},"11":{"loc":{"start":{"line":9,"column":4},"end":{"line":9,"column":109}},"type":"if","locations":[{"start":{"line":9,"column":4},"end":{"line":9,"column":109}},{"start":{"line":9,"column":4},"end":{"line":9,"column":109}}],"line":9},"12":{"loc":{"start":{"line":9,"column":8},"end":{"line":9,"column":77}},"type":"binary-expr","locations":[{"start":{"line":9,"column":8},"end":{"line":9,"column":35}},{"start":{"line":9,"column":39},"end":{"line":9,"column":77}}],"line":9},"13":{"loc":{"start":{"line":11,"column":22},"end":{"line":13,"column":1}},"type":"binary-expr","locations":[{"start":{"line":11,"column":23},"end":{"line":11,"column":27}},{"start":{"line":11,"column":31},"end":{"line":11,"column":51}},{"start":{"line":11,"column":56},"end":{"line":13,"column":1}}],"line":11},"14":{"loc":{"start":{"line":12,"column":11},"end":{"line":12,"column":61}},"type":"cond-expr","locations":[{"start":{"line":12,"column":37},"end":{"line":12,"column":40}},{"start":{"line":12,"column":43},"end":{"line":12,"column":61}}],"line":12},"15":{"loc":{"start":{"line":12,"column":12},"end":{"line":12,"column":33}},"type":"binary-expr","locations":[{"start":{"line":12,"column":12},"end":{"line":12,"column":15}},{"start":{"line":12,"column":19},"end":{"line":12,"column":33}}],"line":12},"16":{"loc":{"start":{"line":36,"column":30},"end":{"line":36,"column":132}},"type":"cond-expr","locations":[{"start":{"line":36,"column":121},"end":{"line":36,"column":123}},{"start":{"line":36,"column":126},"end":{"line":36,"column":132}}],"line":36},"17":{"loc":{"start":{"line":36,"column":43},"end":{"line":36,"column":102}},"type":"binary-expr","locations":[{"start":{"line":36,"column":43},"end":{"line":36,"column":82}},{"start":{"line":36,"column":86},"end":{"line":36,"column":102}}],"line":36},"18":{"loc":{"start":{"line":40,"column":30},"end":{"line":40,"column":132}},"type":"cond-expr","locations":[{"start":{"line":40,"column":121},"end":{"line":40,"column":123}},{"start":{"line":40,"column":126},"end":{"line":40,"column":132}}],"line":40},"19":{"loc":{"start":{"line":40,"column":43},"end":{"line":40,"column":102}},"type":"binary-expr","locations":[{"start":{"line":40,"column":43},"end":{"line":40,"column":82}},{"start":{"line":40,"column":86},"end":{"line":40,"column":102}}],"line":40},"20":{"loc":{"start":{"line":44,"column":30},"end":{"line":44,"column":130}},"type":"cond-expr","locations":[{"start":{"line":44,"column":119},"end":{"line":44,"column":121}},{"start":{"line":44,"column":124},"end":{"line":44,"column":130}}],"line":44},"21":{"loc":{"start":{"line":44,"column":43},"end":{"line":44,"column":100}},"type":"binary-expr","locations":[{"start":{"line":44,"column":43},"end":{"line":44,"column":81}},{"start":{"line":44,"column":85},"end":{"line":44,"column":100}}],"line":44},"22":{"loc":{"start":{"line":48,"column":30},"end":{"line":48,"column":126}},"type":"cond-expr","locations":[{"start":{"line":48,"column":115},"end":{"line":48,"column":117}},{"start":{"line":48,"column":120},"end":{"line":48,"column":126}}],"line":48},"23":{"loc":{"start":{"line":48,"column":43},"end":{"line":48,"column":96}},"type":"binary-expr","locations":[{"start":{"line":48,"column":43},"end":{"line":48,"column":79}},{"start":{"line":48,"column":83},"end":{"line":48,"column":96}}],"line":48}},"s":{"0":1,"1":7,"2":7,"3":7,"4":7,"5":0,"6":0,"7":0,"8":0,"9":7,"10":1,"11":7,"12":7,"13":1,"14":2,"15":1,"16":1,"17":1,"18":1,"19":1,"20":1,"21":1,"22":1,"23":1,"24":1,"25":1,"26":0,"27":1,"28":0,"29":1},"f":{"0":7,"1":7,"2":2,"3":0,"4":0},"b":{"0":[1,1,1],"1":[0,7],"2":[0,7],"3":[7,0],"4":[7,7],"5":[0,0],"6":[0,0],"7":[0,0],"8":[0,0],"9":[7,7,0],"10":[1,1,1],"11":[7,0],"12":[7,7],"13":[1,1,1],"14":[2,0],"15":[2,2],"16":[1,0],"17":[1,1],"18":[1,0],"19":[1,1],"20":[0,1],"21":[1,0],"22":[0,1],"23":[1,0]},"inputSourceMap":{"version":3,"file":"Category.js","sourceRoot":"","sources":["Category.ts"],"names":[],"mappings":";;;;;;;;;;;;;;;AAAA,iCAAgC;AAChC,gEAMuC;AACvC,wDAA+B;AAC/B,wDAAgC;AAChC,MAAqB,QAAS,SAAQ,eAAS;CAqB9C;AAnBC;IADC,IAAA,YAAM,EAAC,EAAE,SAAS,EAAE,IAAI,EAAE,CAAC;;oCACX;AAGjB;IADC,IAAA,YAAM,GAAE;;sCACU;AAGnB;IADC,IAAA,YAAM,GAAE;;4CACU;AAGnB;IADC,YAAM,CAAC,QAAQ,CAAC,EAAE,UAAU,EAAE,IAAI,EAAE,CAAC;kDACpB,gBAAQ,oBAAR,gBAAQ;2CAAA;AAG1B;IADC,YAAM,CAAC,QAAQ,CAAC,EAAE,UAAU,EAAE,IAAI,EAAE,UAAU,EAAE,IAAI,EAAE,CAAC;kDACtC,gBAAQ,oBAAR,gBAAQ;2CAAA;AAG1B;IADC,IAAA,eAAS,EAAC,GAAG,EAAE,CAAC,iBAAO,EAAE,EAAC,UAAU,EAAE,YAAY,EAAC,CAAC;kDACrC,eAAS,oBAAT,eAAS;yCAAgB;AAGzC;IADC,IAAA,aAAO,EAAC,GAAG,EAAE,CAAC,iBAAO,EAAC,EAAC,UAAU,EAAE,aAAa,EAAC,CAAC;kDAClC,aAAO,oBAAP,aAAO;0CAAgB;AApB1C,2BAqBC","sourcesContent":["import { DateTime } from 'luxon'\nimport {\n  BaseModel,\n  column,\n  belongsTo,\n  BelongsTo, \n  HasMany,\n  hasMany} from '@ioc:Adonis/Lucid/Orm'\nimport Library from './Library'\nimport Archive from './Archive';\nexport default class Category extends BaseModel {\n  @column({ isPrimary: true })\n  public id: number\n\n  @column()\n  public name:string;\n\n  @column()\n  library_id: number;\n\n  @column.dateTime({ autoCreate: true })\n  public createdAt: DateTime\n\n  @column.dateTime({ autoCreate: true, autoUpdate: true })\n  public updatedAt: DateTime\n\n  @belongsTo(() => Library, {foreignKey: 'library_id'})\n  public library: BelongsTo<typeof Library>\n\n  @hasMany(() => Archive,{foreignKey: 'category_id'})\n  public archives: HasMany<typeof Archive>\n}\n"]},"_coverageSchema":"1a1c01bbd47fc00a2c39e90264f33305004495a9","hash":"db34e60e3f0aee86d12dae6dbcf4b4beccb4b592"},"C:\\Users\\JUAN MORA\\Desktop\\OctavoSemestre\\ProyectoDesSoftw\\Proyecto\\BACKEND\\app\\Models\\Library.ts":{"path":"C:\\Users\\JUAN MORA\\Desktop\\OctavoSemestre\\ProyectoDesSoftw\\Proyecto\\BACKEND\\app\\Models\\Library.ts","statementMap":{"0":{"start":{"line":2,"column":17},"end":{"line":7,"column":1}},"1":{"start":{"line":3,"column":12},"end":{"line":3,"column":28}},"2":{"start":{"line":3,"column":34},"end":{"line":3,"column":125}},"3":{"start":{"line":4,"column":4},"end":{"line":5,"column":150}},"4":{"start":{"line":4,"column":79},"end":{"line":4,"column":131}},"5":{"start":{"line":5,"column":9},"end":{"line":5,"column":150}},"6":{"start":{"line":5,"column":22},"end":{"line":5,"column":43}},"7":{"start":{"line":5,"column":58},"end":{"line":5,"column":150}},"8":{"start":{"line":5,"column":81},"end":{"line":5,"column":150}},"9":{"start":{"line":6,"column":4},"end":{"line":6,"column":66}},"10":{"start":{"line":8,"column":17},"end":{"line":10,"column":1}},"11":{"start":{"line":9,"column":4},"end":{"line":9,"column":109}},"12":{"start":{"line":9,"column":79},"end":{"line":9,"column":109}},"13":{"start":{"line":11,"column":22},"end":{"line":13,"column":1}},"14":{"start":{"line":12,"column":4},"end":{"line":12,"column":62}},"15":{"start":{"line":15,"column":0},"end":{"line":15,"column":62}},"16":{"start":{"line":16,"column":16},"end":{"line":16,"column":32}},"17":{"start":{"line":17,"column":14},"end":{"line":17,"column":63}},"18":{"start":{"line":18,"column":19},"end":{"line":18,"column":57}},"19":{"start":{"line":21,"column":0},"end":{"line":24,"column":36}},"20":{"start":{"line":25,"column":0},"end":{"line":28,"column":41}},"21":{"start":{"line":29,"column":0},"end":{"line":32,"column":43}},"22":{"start":{"line":33,"column":0},"end":{"line":36,"column":43}},"23":{"start":{"line":37,"column":0},"end":{"line":40,"column":44}},"24":{"start":{"line":38,"column":29},"end":{"line":38,"column":47}},"25":{"start":{"line":41,"column":0},"end":{"line":41,"column":26}}},"fnMap":{"0":{"name":"(anonymous_0)","decl":{"start":{"line":2,"column":46},"end":{"line":2,"column":47}},"loc":{"start":{"line":2,"column":87},"end":{"line":7,"column":1}},"line":2},"1":{"name":"(anonymous_1)","decl":{"start":{"line":8,"column":46},"end":{"line":8,"column":47}},"loc":{"start":{"line":8,"column":62},"end":{"line":10,"column":1}},"line":8},"2":{"name":"(anonymous_2)","decl":{"start":{"line":11,"column":56},"end":{"line":11,"column":57}},"loc":{"start":{"line":11,"column":71},"end":{"line":13,"column":1}},"line":11},"3":{"name":"(anonymous_3)","decl":{"start":{"line":38,"column":23},"end":{"line":38,"column":24}},"loc":{"start":{"line":38,"column":29},"end":{"line":38,"column":47}},"line":38}},"branchMap":{"0":{"loc":{"start":{"line":2,"column":17},"end":{"line":7,"column":1}},"type":"binary-expr","locations":[{"start":{"line":2,"column":18},"end":{"line":2,"column":22}},{"start":{"line":2,"column":26},"end":{"line":2,"column":41}},{"start":{"line":2,"column":46},"end":{"line":7,"column":1}}],"line":2},"1":{"loc":{"start":{"line":3,"column":34},"end":{"line":3,"column":125}},"type":"cond-expr","locations":[{"start":{"line":3,"column":42},"end":{"line":3,"column":48}},{"start":{"line":3,"column":51},"end":{"line":3,"column":125}}],"line":3},"2":{"loc":{"start":{"line":3,"column":51},"end":{"line":3,"column":125}},"type":"cond-expr","locations":[{"start":{"line":3,"column":67},"end":{"line":3,"column":118}},{"start":{"line":3,"column":121},"end":{"line":3,"column":125}}],"line":3},"3":{"loc":{"start":{"line":4,"column":4},"end":{"line":5,"column":150}},"type":"if","locations":[{"start":{"line":4,"column":4},"end":{"line":5,"column":150}},{"start":{"line":4,"column":4},"end":{"line":5,"column":150}}],"line":4},"4":{"loc":{"start":{"line":4,"column":8},"end":{"line":4,"column":77}},"type":"binary-expr","locations":[{"start":{"line":4,"column":8},"end":{"line":4,"column":35}},{"start":{"line":4,"column":39},"end":{"line":4,"column":77}}],"line":4},"5":{"loc":{"start":{"line":5,"column":58},"end":{"line":5,"column":150}},"type":"if","locations":[{"start":{"line":5,"column":58},"end":{"line":5,"column":150}},{"start":{"line":5,"column":58},"end":{"line":5,"column":150}}],"line":5},"6":{"loc":{"start":{"line":5,"column":85},"end":{"line":5,"column":149}},"type":"binary-expr","locations":[{"start":{"line":5,"column":86},"end":{"line":5,"column":143}},{"start":{"line":5,"column":148},"end":{"line":5,"column":149}}],"line":5},"7":{"loc":{"start":{"line":5,"column":86},"end":{"line":5,"column":143}},"type":"cond-expr","locations":[{"start":{"line":5,"column":94},"end":{"line":5,"column":98}},{"start":{"line":5,"column":101},"end":{"line":5,"column":143}}],"line":5},"8":{"loc":{"start":{"line":5,"column":101},"end":{"line":5,"column":143}},"type":"cond-expr","locations":[{"start":{"line":5,"column":109},"end":{"line":5,"column":126}},{"start":{"line":5,"column":129},"end":{"line":5,"column":143}}],"line":5},"9":{"loc":{"start":{"line":6,"column":11},"end":{"line":6,"column":62}},"type":"binary-expr","locations":[{"start":{"line":6,"column":11},"end":{"line":6,"column":16}},{"start":{"line":6,"column":20},"end":{"line":6,"column":21}},{"start":{"line":6,"column":25},"end":{"line":6,"column":62}}],"line":6},"10":{"loc":{"start":{"line":8,"column":17},"end":{"line":10,"column":1}},"type":"binary-expr","locations":[{"start":{"line":8,"column":18},"end":{"line":8,"column":22}},{"start":{"line":8,"column":26},"end":{"line":8,"column":41}},{"start":{"line":8,"column":46},"end":{"line":10,"column":1}}],"line":8},"11":{"loc":{"start":{"line":9,"column":4},"end":{"line":9,"column":109}},"type":"if","locations":[{"start":{"line":9,"column":4},"end":{"line":9,"column":109}},{"start":{"line":9,"column":4},"end":{"line":9,"column":109}}],"line":9},"12":{"loc":{"start":{"line":9,"column":8},"end":{"line":9,"column":77}},"type":"binary-expr","locations":[{"start":{"line":9,"column":8},"end":{"line":9,"column":35}},{"start":{"line":9,"column":39},"end":{"line":9,"column":77}}],"line":9},"13":{"loc":{"start":{"line":11,"column":22},"end":{"line":13,"column":1}},"type":"binary-expr","locations":[{"start":{"line":11,"column":23},"end":{"line":11,"column":27}},{"start":{"line":11,"column":31},"end":{"line":11,"column":51}},{"start":{"line":11,"column":56},"end":{"line":13,"column":1}}],"line":11},"14":{"loc":{"start":{"line":12,"column":11},"end":{"line":12,"column":61}},"type":"cond-expr","locations":[{"start":{"line":12,"column":37},"end":{"line":12,"column":40}},{"start":{"line":12,"column":43},"end":{"line":12,"column":61}}],"line":12},"15":{"loc":{"start":{"line":12,"column":12},"end":{"line":12,"column":33}},"type":"binary-expr","locations":[{"start":{"line":12,"column":12},"end":{"line":12,"column":15}},{"start":{"line":12,"column":19},"end":{"line":12,"column":33}}],"line":12},"16":{"loc":{"start":{"line":31,"column":30},"end":{"line":31,"column":132}},"type":"cond-expr","locations":[{"start":{"line":31,"column":121},"end":{"line":31,"column":123}},{"start":{"line":31,"column":126},"end":{"line":31,"column":132}}],"line":31},"17":{"loc":{"start":{"line":31,"column":43},"end":{"line":31,"column":102}},"type":"binary-expr","locations":[{"start":{"line":31,"column":43},"end":{"line":31,"column":82}},{"start":{"line":31,"column":86},"end":{"line":31,"column":102}}],"line":31},"18":{"loc":{"start":{"line":35,"column":30},"end":{"line":35,"column":132}},"type":"cond-expr","locations":[{"start":{"line":35,"column":121},"end":{"line":35,"column":123}},{"start":{"line":35,"column":126},"end":{"line":35,"column":132}}],"line":35},"19":{"loc":{"start":{"line":35,"column":43},"end":{"line":35,"column":102}},"type":"binary-expr","locations":[{"start":{"line":35,"column":43},"end":{"line":35,"column":82}},{"start":{"line":35,"column":86},"end":{"line":35,"column":102}}],"line":35},"20":{"loc":{"start":{"line":39,"column":30},"end":{"line":39,"column":126}},"type":"cond-expr","locations":[{"start":{"line":39,"column":115},"end":{"line":39,"column":117}},{"start":{"line":39,"column":120},"end":{"line":39,"column":126}}],"line":39},"21":{"loc":{"start":{"line":39,"column":43},"end":{"line":39,"column":96}},"type":"binary-expr","locations":[{"start":{"line":39,"column":43},"end":{"line":39,"column":79}},{"start":{"line":39,"column":83},"end":{"line":39,"column":96}}],"line":39}},"s":{"0":1,"1":5,"2":5,"3":5,"4":5,"5":0,"6":0,"7":0,"8":0,"9":5,"10":1,"11":5,"12":5,"13":1,"14":1,"15":1,"16":1,"17":1,"18":1,"19":1,"20":1,"21":1,"22":1,"23":1,"24":0,"25":1},"f":{"0":5,"1":5,"2":1,"3":0},"b":{"0":[1,1,1],"1":[0,5],"2":[0,5],"3":[5,0],"4":[5,5],"5":[0,0],"6":[0,0],"7":[0,0],"8":[0,0],"9":[5,5,0],"10":[1,1,1],"11":[5,0],"12":[5,5],"13":[1,1,1],"14":[1,0],"15":[1,1],"16":[1,0],"17":[1,1],"18":[1,0],"19":[1,1],"20":[0,1],"21":[1,0]},"inputSourceMap":{"version":3,"file":"Library.js","sourceRoot":"","sources":["Library.ts"],"names":[],"mappings":";;;;;;;;;;;;;;;AAAA,iCAAgC;AAChC,gEAIuC;AACvC,0DAAkC;AAElC,MAAqB,OAAQ,SAAQ,eAAS;CAe7C;AAbC;IADC,IAAA,YAAM,EAAC,EAAE,SAAS,EAAE,IAAI,EAAE,CAAC;;mCACX;AAGjB;IADC,IAAA,YAAM,GAAE;;wCACc;AAGvB;IADC,YAAM,CAAC,QAAQ,CAAC,EAAE,UAAU,EAAE,IAAI,EAAE,CAAC;kDACpB,gBAAQ,oBAAR,gBAAQ;0CAAA;AAG1B;IADC,YAAM,CAAC,QAAQ,CAAC,EAAE,UAAU,EAAE,IAAI,EAAE,UAAU,EAAE,IAAI,EAAE,CAAC;kDACtC,gBAAQ,oBAAR,gBAAQ;0CAAA;AAG1B;IADC,IAAA,aAAO,EAAC,GAAG,EAAE,CAAC,kBAAQ,EAAC,EAAC,UAAU,EAAE,YAAY,EAAC,CAAC;kDAChC,aAAO,oBAAP,aAAO;2CAAiB;AAd7C,0BAeC","sourcesContent":["import { DateTime } from 'luxon'\nimport {\n  BaseModel,\n  column,\n  hasMany,\n  HasMany} from '@ioc:Adonis/Lucid/Orm'\nimport Category from './Category';\n\nexport default class Library extends BaseModel {\n  @column({ isPrimary: true })\n  public id: number\n\n  @column()\n  public user_id: number;\n\n  @column.dateTime({ autoCreate: true })\n  public createdAt: DateTime\n\n  @column.dateTime({ autoCreate: true, autoUpdate: true })\n  public updatedAt: DateTime\n\n  @hasMany(() => Category,{foreignKey: 'library_id'})\n  public categories: HasMany<typeof Category>\n}\n"]},"_coverageSchema":"1a1c01bbd47fc00a2c39e90264f33305004495a9","hash":"6ccf342698ce50b2ee453a2c0dae9ca5539368b2"},"C:\\Users\\JUAN MORA\\Desktop\\OctavoSemestre\\ProyectoDesSoftw\\Proyecto\\BACKEND\\app\\Models\\Permission.ts":{"path":"C:\\Users\\JUAN MORA\\Desktop\\OctavoSemestre\\ProyectoDesSoftw\\Proyecto\\BACKEND\\app\\Models\\Permission.ts","statementMap":{"0":{"start":{"line":2,"column":17},"end":{"line":7,"column":1}},"1":{"start":{"line":3,"column":12},"end":{"line":3,"column":28}},"2":{"start":{"line":3,"column":34},"end":{"line":3,"column":125}},"3":{"start":{"line":4,"column":4},"end":{"line":5,"column":150}},"4":{"start":{"line":4,"column":79},"end":{"line":4,"column":131}},"5":{"start":{"line":5,"column":9},"end":{"line":5,"column":150}},"6":{"start":{"line":5,"column":22},"end":{"line":5,"column":43}},"7":{"start":{"line":5,"column":58},"end":{"line":5,"column":150}},"8":{"start":{"line":5,"column":81},"end":{"line":5,"column":150}},"9":{"start":{"line":6,"column":4},"end":{"line":6,"column":66}},"10":{"start":{"line":8,"column":17},"end":{"line":10,"column":1}},"11":{"start":{"line":9,"column":4},"end":{"line":9,"column":109}},"12":{"start":{"line":9,"column":79},"end":{"line":9,"column":109}},"13":{"start":{"line":11,"column":22},"end":{"line":13,"column":1}},"14":{"start":{"line":12,"column":4},"end":{"line":12,"column":62}},"15":{"start":{"line":15,"column":0},"end":{"line":15,"column":62}},"16":{"start":{"line":16,"column":16},"end":{"line":16,"column":32}},"17":{"start":{"line":17,"column":14},"end":{"line":17,"column":63}},"18":{"start":{"line":18,"column":15},"end":{"line":18,"column":49}},"19":{"start":{"line":21,"column":0},"end":{"line":24,"column":39}},"20":{"start":{"line":25,"column":0},"end":{"line":28,"column":40}},"21":{"start":{"line":29,"column":0},"end":{"line":32,"column":43}},"22":{"start":{"line":33,"column":0},"end":{"line":36,"column":46}},"23":{"start":{"line":37,"column":0},"end":{"line":40,"column":46}},"24":{"start":{"line":41,"column":0},"end":{"line":48,"column":42}},"25":{"start":{"line":42,"column":32},"end":{"line":42,"column":46}},"26":{"start":{"line":49,"column":0},"end":{"line":49,"column":29}}},"fnMap":{"0":{"name":"(anonymous_0)","decl":{"start":{"line":2,"column":46},"end":{"line":2,"column":47}},"loc":{"start":{"line":2,"column":87},"end":{"line":7,"column":1}},"line":2},"1":{"name":"(anonymous_1)","decl":{"start":{"line":8,"column":46},"end":{"line":8,"column":47}},"loc":{"start":{"line":8,"column":62},"end":{"line":10,"column":1}},"line":8},"2":{"name":"(anonymous_2)","decl":{"start":{"line":11,"column":56},"end":{"line":11,"column":57}},"loc":{"start":{"line":11,"column":71},"end":{"line":13,"column":1}},"line":11},"3":{"name":"(anonymous_3)","decl":{"start":{"line":42,"column":26},"end":{"line":42,"column":27}},"loc":{"start":{"line":42,"column":32},"end":{"line":42,"column":46}},"line":42}},"branchMap":{"0":{"loc":{"start":{"line":2,"column":17},"end":{"line":7,"column":1}},"type":"binary-expr","locations":[{"start":{"line":2,"column":18},"end":{"line":2,"column":22}},{"start":{"line":2,"column":26},"end":{"line":2,"column":41}},{"start":{"line":2,"column":46},"end":{"line":7,"column":1}}],"line":2},"1":{"loc":{"start":{"line":3,"column":34},"end":{"line":3,"column":125}},"type":"cond-expr","locations":[{"start":{"line":3,"column":42},"end":{"line":3,"column":48}},{"start":{"line":3,"column":51},"end":{"line":3,"column":125}}],"line":3},"2":{"loc":{"start":{"line":3,"column":51},"end":{"line":3,"column":125}},"type":"cond-expr","locations":[{"start":{"line":3,"column":67},"end":{"line":3,"column":118}},{"start":{"line":3,"column":121},"end":{"line":3,"column":125}}],"line":3},"3":{"loc":{"start":{"line":4,"column":4},"end":{"line":5,"column":150}},"type":"if","locations":[{"start":{"line":4,"column":4},"end":{"line":5,"column":150}},{"start":{"line":4,"column":4},"end":{"line":5,"column":150}}],"line":4},"4":{"loc":{"start":{"line":4,"column":8},"end":{"line":4,"column":77}},"type":"binary-expr","locations":[{"start":{"line":4,"column":8},"end":{"line":4,"column":35}},{"start":{"line":4,"column":39},"end":{"line":4,"column":77}}],"line":4},"5":{"loc":{"start":{"line":5,"column":58},"end":{"line":5,"column":150}},"type":"if","locations":[{"start":{"line":5,"column":58},"end":{"line":5,"column":150}},{"start":{"line":5,"column":58},"end":{"line":5,"column":150}}],"line":5},"6":{"loc":{"start":{"line":5,"column":85},"end":{"line":5,"column":149}},"type":"binary-expr","locations":[{"start":{"line":5,"column":86},"end":{"line":5,"column":143}},{"start":{"line":5,"column":148},"end":{"line":5,"column":149}}],"line":5},"7":{"loc":{"start":{"line":5,"column":86},"end":{"line":5,"column":143}},"type":"cond-expr","locations":[{"start":{"line":5,"column":94},"end":{"line":5,"column":98}},{"start":{"line":5,"column":101},"end":{"line":5,"column":143}}],"line":5},"8":{"loc":{"start":{"line":5,"column":101},"end":{"line":5,"column":143}},"type":"cond-expr","locations":[{"start":{"line":5,"column":109},"end":{"line":5,"column":126}},{"start":{"line":5,"column":129},"end":{"line":5,"column":143}}],"line":5},"9":{"loc":{"start":{"line":6,"column":11},"end":{"line":6,"column":62}},"type":"binary-expr","locations":[{"start":{"line":6,"column":11},"end":{"line":6,"column":16}},{"start":{"line":6,"column":20},"end":{"line":6,"column":21}},{"start":{"line":6,"column":25},"end":{"line":6,"column":62}}],"line":6},"10":{"loc":{"start":{"line":8,"column":17},"end":{"line":10,"column":1}},"type":"binary-expr","locations":[{"start":{"line":8,"column":18},"end":{"line":8,"column":22}},{"start":{"line":8,"column":26},"end":{"line":8,"column":41}},{"start":{"line":8,"column":46},"end":{"line":10,"column":1}}],"line":8},"11":{"loc":{"start":{"line":9,"column":4},"end":{"line":9,"column":109}},"type":"if","locations":[{"start":{"line":9,"column":4},"end":{"line":9,"column":109}},{"start":{"line":9,"column":4},"end":{"line":9,"column":109}}],"line":9},"12":{"loc":{"start":{"line":9,"column":8},"end":{"line":9,"column":77}},"type":"binary-expr","locations":[{"start":{"line":9,"column":8},"end":{"line":9,"column":35}},{"start":{"line":9,"column":39},"end":{"line":9,"column":77}}],"line":9},"13":{"loc":{"start":{"line":11,"column":22},"end":{"line":13,"column":1}},"type":"binary-expr","locations":[{"start":{"line":11,"column":23},"end":{"line":11,"column":27}},{"start":{"line":11,"column":31},"end":{"line":11,"column":51}},{"start":{"line":11,"column":56},"end":{"line":13,"column":1}}],"line":11},"14":{"loc":{"start":{"line":12,"column":11},"end":{"line":12,"column":61}},"type":"cond-expr","locations":[{"start":{"line":12,"column":37},"end":{"line":12,"column":40}},{"start":{"line":12,"column":43},"end":{"line":12,"column":61}}],"line":12},"15":{"loc":{"start":{"line":12,"column":12},"end":{"line":12,"column":33}},"type":"binary-expr","locations":[{"start":{"line":12,"column":12},"end":{"line":12,"column":15}},{"start":{"line":12,"column":19},"end":{"line":12,"column":33}}],"line":12},"16":{"loc":{"start":{"line":35,"column":30},"end":{"line":35,"column":132}},"type":"cond-expr","locations":[{"start":{"line":35,"column":121},"end":{"line":35,"column":123}},{"start":{"line":35,"column":126},"end":{"line":35,"column":132}}],"line":35},"17":{"loc":{"start":{"line":35,"column":43},"end":{"line":35,"column":102}},"type":"binary-expr","locations":[{"start":{"line":35,"column":43},"end":{"line":35,"column":82}},{"start":{"line":35,"column":86},"end":{"line":35,"column":102}}],"line":35},"18":{"loc":{"start":{"line":39,"column":30},"end":{"line":39,"column":132}},"type":"cond-expr","locations":[{"start":{"line":39,"column":121},"end":{"line":39,"column":123}},{"start":{"line":39,"column":126},"end":{"line":39,"column":132}}],"line":39},"19":{"loc":{"start":{"line":39,"column":43},"end":{"line":39,"column":102}},"type":"binary-expr","locations":[{"start":{"line":39,"column":43},"end":{"line":39,"column":82}},{"start":{"line":39,"column":86},"end":{"line":39,"column":102}}],"line":39},"20":{"loc":{"start":{"line":47,"column":30},"end":{"line":47,"column":132}},"type":"cond-expr","locations":[{"start":{"line":47,"column":121},"end":{"line":47,"column":123}},{"start":{"line":47,"column":126},"end":{"line":47,"column":132}}],"line":47},"21":{"loc":{"start":{"line":47,"column":43},"end":{"line":47,"column":102}},"type":"binary-expr","locations":[{"start":{"line":47,"column":43},"end":{"line":47,"column":82}},{"start":{"line":47,"column":86},"end":{"line":47,"column":102}}],"line":47}},"s":{"0":1,"1":6,"2":6,"3":6,"4":6,"5":0,"6":0,"7":0,"8":0,"9":6,"10":1,"11":6,"12":6,"13":1,"14":1,"15":1,"16":1,"17":1,"18":1,"19":1,"20":1,"21":1,"22":1,"23":1,"24":1,"25":0,"26":1},"f":{"0":6,"1":6,"2":1,"3":0},"b":{"0":[1,1,1],"1":[0,6],"2":[0,6],"3":[6,0],"4":[6,6],"5":[0,0],"6":[0,0],"7":[0,0],"8":[0,0],"9":[6,6,0],"10":[1,1,1],"11":[6,0],"12":[6,6],"13":[1,1,1],"14":[1,0],"15":[1,1],"16":[1,0],"17":[1,1],"18":[1,0],"19":[1,1],"20":[0,1],"21":[1,0]},"inputSourceMap":{"version":3,"file":"Permission.js","sourceRoot":"","sources":["Permission.ts"],"names":[],"mappings":";;;;;;;;;;;;;;;AAAA,iCAAgC;AAChC,gEAAiF;AACjF,kDAA0B;AAE1B,MAAqB,UAAW,SAAQ,eAAS;CAsBhD;AApBC;IADC,IAAA,YAAM,EAAC,EAAE,SAAS,EAAE,IAAI,EAAE,CAAC;;sCACX;AAGjB;IADC,IAAA,YAAM,GAAE;;uCACS;AAGlB;IADC,IAAA,YAAM,GAAE;;0CACY;AAGrB;IADC,YAAM,CAAC,QAAQ,CAAC,EAAE,UAAU,EAAE,IAAI,EAAE,CAAC;kDACpB,gBAAQ,oBAAR,gBAAQ;6CAAA;AAG1B;IADC,YAAM,CAAC,QAAQ,CAAC,EAAE,UAAU,EAAE,IAAI,EAAE,UAAU,EAAE,IAAI,EAAE,CAAC;kDACtC,gBAAQ,oBAAR,gBAAQ;6CAAA;AAOxB;IALD,IAAA,gBAAU,EAAC,GAAG,EAAE,CAAC,cAAI,EAAE;QACtB,UAAU,EAAE,mBAAmB;QAC/B,eAAe,EAAE,eAAe;QAChC,sBAAsB,EAAE,SAAS;KAChC,CAAC;kDACY,gBAAU,oBAAV,gBAAU;yCAAc;AArB1C,6BAsBC","sourcesContent":["import { DateTime } from 'luxon'\nimport { BaseModel, column, manyToMany, ManyToMany } from '@ioc:Adonis/Lucid/Orm'\nimport Role from './Role';\n\nexport default class Permission extends BaseModel {\n  @column({ isPrimary: true })\n  public id: number\n\n  @column()\n  public url:string;\n\n  @column()\n  public method:string;\n\n  @column.dateTime({ autoCreate: true })\n  public createdAt: DateTime\n\n  @column.dateTime({ autoCreate: true, autoUpdate: true })\n  public updatedAt: DateTime\n\n  @manyToMany(() => Role, {\n    pivotTable: 'permissions_roles',\n    pivotForeignKey: 'id_permission',\n    pivotRelatedForeignKey: 'id_role',\n    })\n    public roles: ManyToMany<typeof Role>;\n}\n"]},"_coverageSchema":"1a1c01bbd47fc00a2c39e90264f33305004495a9","hash":"5a5c9ea0d08916ecf6d2bbe2a3a81625ebfe9a53"},"C:\\Users\\JUAN MORA\\Desktop\\OctavoSemestre\\ProyectoDesSoftw\\Proyecto\\BACKEND\\app\\Models\\Role.ts":{"path":"C:\\Users\\JUAN MORA\\Desktop\\OctavoSemestre\\ProyectoDesSoftw\\Proyecto\\BACKEND\\app\\Models\\Role.ts","statementMap":{"0":{"start":{"line":2,"column":17},"end":{"line":7,"column":1}},"1":{"start":{"line":3,"column":12},"end":{"line":3,"column":28}},"2":{"start":{"line":3,"column":34},"end":{"line":3,"column":125}},"3":{"start":{"line":4,"column":4},"end":{"line":5,"column":150}},"4":{"start":{"line":4,"column":79},"end":{"line":4,"column":131}},"5":{"start":{"line":5,"column":9},"end":{"line":5,"column":150}},"6":{"start":{"line":5,"column":22},"end":{"line":5,"column":43}},"7":{"start":{"line":5,"column":58},"end":{"line":5,"column":150}},"8":{"start":{"line":5,"column":81},"end":{"line":5,"column":150}},"9":{"start":{"line":6,"column":4},"end":{"line":6,"column":66}},"10":{"start":{"line":8,"column":17},"end":{"line":10,"column":1}},"11":{"start":{"line":9,"column":4},"end":{"line":9,"column":109}},"12":{"start":{"line":9,"column":79},"end":{"line":9,"column":109}},"13":{"start":{"line":11,"column":22},"end":{"line":13,"column":1}},"14":{"start":{"line":12,"column":4},"end":{"line":12,"column":62}},"15":{"start":{"line":15,"column":0},"end":{"line":15,"column":62}},"16":{"start":{"line":16,"column":16},"end":{"line":16,"column":32}},"17":{"start":{"line":17,"column":14},"end":{"line":17,"column":63}},"18":{"start":{"line":18,"column":15},"end":{"line":18,"column":49}},"19":{"start":{"line":19,"column":21},"end":{"line":19,"column":61}},"20":{"start":{"line":22,"column":0},"end":{"line":25,"column":33}},"21":{"start":{"line":26,"column":0},"end":{"line":29,"column":35}},"22":{"start":{"line":30,"column":0},"end":{"line":33,"column":40}},"23":{"start":{"line":34,"column":0},"end":{"line":37,"column":40}},"24":{"start":{"line":38,"column":0},"end":{"line":41,"column":36}},"25":{"start":{"line":39,"column":29},"end":{"line":39,"column":43}},"26":{"start":{"line":42,"column":0},"end":{"line":49,"column":42}},"27":{"start":{"line":43,"column":32},"end":{"line":43,"column":52}},"28":{"start":{"line":50,"column":0},"end":{"line":50,"column":23}}},"fnMap":{"0":{"name":"(anonymous_0)","decl":{"start":{"line":2,"column":46},"end":{"line":2,"column":47}},"loc":{"start":{"line":2,"column":87},"end":{"line":7,"column":1}},"line":2},"1":{"name":"(anonymous_1)","decl":{"start":{"line":8,"column":46},"end":{"line":8,"column":47}},"loc":{"start":{"line":8,"column":62},"end":{"line":10,"column":1}},"line":8},"2":{"name":"(anonymous_2)","decl":{"start":{"line":11,"column":56},"end":{"line":11,"column":57}},"loc":{"start":{"line":11,"column":71},"end":{"line":13,"column":1}},"line":11},"3":{"name":"(anonymous_3)","decl":{"start":{"line":39,"column":23},"end":{"line":39,"column":24}},"loc":{"start":{"line":39,"column":29},"end":{"line":39,"column":43}},"line":39},"4":{"name":"(anonymous_4)","decl":{"start":{"line":43,"column":26},"end":{"line":43,"column":27}},"loc":{"start":{"line":43,"column":32},"end":{"line":43,"column":52}},"line":43}},"branchMap":{"0":{"loc":{"start":{"line":2,"column":17},"end":{"line":7,"column":1}},"type":"binary-expr","locations":[{"start":{"line":2,"column":18},"end":{"line":2,"column":22}},{"start":{"line":2,"column":26},"end":{"line":2,"column":41}},{"start":{"line":2,"column":46},"end":{"line":7,"column":1}}],"line":2},"1":{"loc":{"start":{"line":3,"column":34},"end":{"line":3,"column":125}},"type":"cond-expr","locations":[{"start":{"line":3,"column":42},"end":{"line":3,"column":48}},{"start":{"line":3,"column":51},"end":{"line":3,"column":125}}],"line":3},"2":{"loc":{"start":{"line":3,"column":51},"end":{"line":3,"column":125}},"type":"cond-expr","locations":[{"start":{"line":3,"column":67},"end":{"line":3,"column":118}},{"start":{"line":3,"column":121},"end":{"line":3,"column":125}}],"line":3},"3":{"loc":{"start":{"line":4,"column":4},"end":{"line":5,"column":150}},"type":"if","locations":[{"start":{"line":4,"column":4},"end":{"line":5,"column":150}},{"start":{"line":4,"column":4},"end":{"line":5,"column":150}}],"line":4},"4":{"loc":{"start":{"line":4,"column":8},"end":{"line":4,"column":77}},"type":"binary-expr","locations":[{"start":{"line":4,"column":8},"end":{"line":4,"column":35}},{"start":{"line":4,"column":39},"end":{"line":4,"column":77}}],"line":4},"5":{"loc":{"start":{"line":5,"column":58},"end":{"line":5,"column":150}},"type":"if","locations":[{"start":{"line":5,"column":58},"end":{"line":5,"column":150}},{"start":{"line":5,"column":58},"end":{"line":5,"column":150}}],"line":5},"6":{"loc":{"start":{"line":5,"column":85},"end":{"line":5,"column":149}},"type":"binary-expr","locations":[{"start":{"line":5,"column":86},"end":{"line":5,"column":143}},{"start":{"line":5,"column":148},"end":{"line":5,"column":149}}],"line":5},"7":{"loc":{"start":{"line":5,"column":86},"end":{"line":5,"column":143}},"type":"cond-expr","locations":[{"start":{"line":5,"column":94},"end":{"line":5,"column":98}},{"start":{"line":5,"column":101},"end":{"line":5,"column":143}}],"line":5},"8":{"loc":{"start":{"line":5,"column":101},"end":{"line":5,"column":143}},"type":"cond-expr","locations":[{"start":{"line":5,"column":109},"end":{"line":5,"column":126}},{"start":{"line":5,"column":129},"end":{"line":5,"column":143}}],"line":5},"9":{"loc":{"start":{"line":6,"column":11},"end":{"line":6,"column":62}},"type":"binary-expr","locations":[{"start":{"line":6,"column":11},"end":{"line":6,"column":16}},{"start":{"line":6,"column":20},"end":{"line":6,"column":21}},{"start":{"line":6,"column":25},"end":{"line":6,"column":62}}],"line":6},"10":{"loc":{"start":{"line":8,"column":17},"end":{"line":10,"column":1}},"type":"binary-expr","locations":[{"start":{"line":8,"column":18},"end":{"line":8,"column":22}},{"start":{"line":8,"column":26},"end":{"line":8,"column":41}},{"start":{"line":8,"column":46},"end":{"line":10,"column":1}}],"line":8},"11":{"loc":{"start":{"line":9,"column":4},"end":{"line":9,"column":109}},"type":"if","locations":[{"start":{"line":9,"column":4},"end":{"line":9,"column":109}},{"start":{"line":9,"column":4},"end":{"line":9,"column":109}}],"line":9},"12":{"loc":{"start":{"line":9,"column":8},"end":{"line":9,"column":77}},"type":"binary-expr","locations":[{"start":{"line":9,"column":8},"end":{"line":9,"column":35}},{"start":{"line":9,"column":39},"end":{"line":9,"column":77}}],"line":9},"13":{"loc":{"start":{"line":11,"column":22},"end":{"line":13,"column":1}},"type":"binary-expr","locations":[{"start":{"line":11,"column":23},"end":{"line":11,"column":27}},{"start":{"line":11,"column":31},"end":{"line":11,"column":51}},{"start":{"line":11,"column":56},"end":{"line":13,"column":1}}],"line":11},"14":{"loc":{"start":{"line":12,"column":11},"end":{"line":12,"column":61}},"type":"cond-expr","locations":[{"start":{"line":12,"column":37},"end":{"line":12,"column":40}},{"start":{"line":12,"column":43},"end":{"line":12,"column":61}}],"line":12},"15":{"loc":{"start":{"line":12,"column":12},"end":{"line":12,"column":33}},"type":"binary-expr","locations":[{"start":{"line":12,"column":12},"end":{"line":12,"column":15}},{"start":{"line":12,"column":19},"end":{"line":12,"column":33}}],"line":12},"16":{"loc":{"start":{"line":32,"column":30},"end":{"line":32,"column":132}},"type":"cond-expr","locations":[{"start":{"line":32,"column":121},"end":{"line":32,"column":123}},{"start":{"line":32,"column":126},"end":{"line":32,"column":132}}],"line":32},"17":{"loc":{"start":{"line":32,"column":43},"end":{"line":32,"column":102}},"type":"binary-expr","locations":[{"start":{"line":32,"column":43},"end":{"line":32,"column":82}},{"start":{"line":32,"column":86},"end":{"line":32,"column":102}}],"line":32},"18":{"loc":{"start":{"line":36,"column":30},"end":{"line":36,"column":132}},"type":"cond-expr","locations":[{"start":{"line":36,"column":121},"end":{"line":36,"column":123}},{"start":{"line":36,"column":126},"end":{"line":36,"column":132}}],"line":36},"19":{"loc":{"start":{"line":36,"column":43},"end":{"line":36,"column":102}},"type":"binary-expr","locations":[{"start":{"line":36,"column":43},"end":{"line":36,"column":82}},{"start":{"line":36,"column":86},"end":{"line":36,"column":102}}],"line":36},"20":{"loc":{"start":{"line":40,"column":30},"end":{"line":40,"column":126}},"type":"cond-expr","locations":[{"start":{"line":40,"column":115},"end":{"line":40,"column":117}},{"start":{"line":40,"column":120},"end":{"line":40,"column":126}}],"line":40},"21":{"loc":{"start":{"line":40,"column":43},"end":{"line":40,"column":96}},"type":"binary-expr","locations":[{"start":{"line":40,"column":43},"end":{"line":40,"column":79}},{"start":{"line":40,"column":83},"end":{"line":40,"column":96}}],"line":40},"22":{"loc":{"start":{"line":48,"column":30},"end":{"line":48,"column":132}},"type":"cond-expr","locations":[{"start":{"line":48,"column":121},"end":{"line":48,"column":123}},{"start":{"line":48,"column":126},"end":{"line":48,"column":132}}],"line":48},"23":{"loc":{"start":{"line":48,"column":43},"end":{"line":48,"column":102}},"type":"binary-expr","locations":[{"start":{"line":48,"column":43},"end":{"line":48,"column":82}},{"start":{"line":48,"column":86},"end":{"line":48,"column":102}}],"line":48}},"s":{"0":1,"1":6,"2":6,"3":6,"4":6,"5":0,"6":0,"7":0,"8":0,"9":6,"10":1,"11":6,"12":6,"13":1,"14":2,"15":1,"16":1,"17":1,"18":1,"19":1,"20":1,"21":1,"22":1,"23":1,"24":1,"25":0,"26":1,"27":0,"28":1},"f":{"0":6,"1":6,"2":2,"3":0,"4":0},"b":{"0":[1,1,1],"1":[0,6],"2":[0,6],"3":[6,0],"4":[6,6],"5":[0,0],"6":[0,0],"7":[0,0],"8":[0,0],"9":[6,6,0],"10":[1,1,1],"11":[6,0],"12":[6,6],"13":[1,1,1],"14":[2,0],"15":[2,2],"16":[1,0],"17":[1,1],"18":[1,0],"19":[1,1],"20":[0,1],"21":[1,0],"22":[0,1],"23":[1,0]},"inputSourceMap":{"version":3,"file":"Role.js","sourceRoot":"","sources":["Role.ts"],"names":[],"mappings":";;;;;;;;;;;;;;;AAAA,iCAAgC;AAChC,gEAAmG;AACnG,kDAA0B;AAC1B,8DAAsC;AAEtC,MAAqB,IAAK,SAAQ,eAAS;CAsB1C;AApBC;IADC,IAAA,YAAM,EAAC,EAAE,SAAS,EAAE,IAAI,EAAE,CAAC;;gCACX;AAGjB;IADC,IAAA,YAAM,GAAE;;kCACU;AAGnB;IADC,YAAM,CAAC,QAAQ,CAAC,EAAE,UAAU,EAAE,IAAI,EAAE,CAAC;kDACpB,gBAAQ,oBAAR,gBAAQ;uCAAA;AAG1B;IADC,YAAM,CAAC,QAAQ,CAAC,EAAE,UAAU,EAAE,IAAI,EAAE,UAAU,EAAE,IAAI,EAAE,CAAC;kDACtC,gBAAQ,oBAAR,gBAAQ;uCAAA;AAG1B;IADC,IAAA,aAAO,EAAC,GAAG,EAAE,CAAC,cAAI,EAAC,EAAC,UAAU,EAAE,SAAS,EAAC,CAAC;kDAC9B,aAAO,oBAAP,aAAO;mCAAa;AAOhC;IALD,IAAA,gBAAU,EAAC,GAAG,EAAE,CAAC,oBAAU,EAAE;QAC5B,UAAU,EAAE,mBAAmB;QAC/B,eAAe,EAAE,SAAS;QAC1B,sBAAsB,EAAE,eAAe;KACtC,CAAC;kDACkB,gBAAU,oBAAV,gBAAU;yCAAoB;AArBtD,uBAsBC","sourcesContent":["import { DateTime } from 'luxon'\nimport { BaseModel, column, HasMany, hasMany, manyToMany, ManyToMany } from '@ioc:Adonis/Lucid/Orm'\nimport User from './User';\nimport Permission from './Permission';\n\nexport default class Role extends BaseModel {\n  @column({ isPrimary: true })\n  public id: number\n\n  @column()\n  public name:string;\n\n  @column.dateTime({ autoCreate: true })\n  public createdAt: DateTime\n\n  @column.dateTime({ autoCreate: true, autoUpdate: true })\n  public updatedAt: DateTime\n\n  @hasMany(() => User,{foreignKey: 'id_role'})\n  public users: HasMany<typeof User>\n\n  @manyToMany(() => Permission, {\n    pivotTable: 'permissions_roles',\n    pivotForeignKey: 'id_role',\n    pivotRelatedForeignKey: 'id_permission',\n    })\n    public permissions: ManyToMany<typeof Permission>;\n}\n"]},"_coverageSchema":"1a1c01bbd47fc00a2c39e90264f33305004495a9","hash":"0f8af98d9879cb61a8cef721ffa0ccd0ebc96814"},"C:\\Users\\JUAN MORA\\Desktop\\OctavoSemestre\\ProyectoDesSoftw\\Proyecto\\BACKEND\\app\\Models\\User.ts":{"path":"C:\\Users\\JUAN MORA\\Desktop\\OctavoSemestre\\ProyectoDesSoftw\\Proyecto\\BACKEND\\app\\Models\\User.ts","statementMap":{"0":{"start":{"line":2,"column":17},"end":{"line":7,"column":1}},"1":{"start":{"line":3,"column":12},"end":{"line":3,"column":28}},"2":{"start":{"line":3,"column":34},"end":{"line":3,"column":125}},"3":{"start":{"line":4,"column":4},"end":{"line":5,"column":150}},"4":{"start":{"line":4,"column":79},"end":{"line":4,"column":131}},"5":{"start":{"line":5,"column":9},"end":{"line":5,"column":150}},"6":{"start":{"line":5,"column":22},"end":{"line":5,"column":43}},"7":{"start":{"line":5,"column":58},"end":{"line":5,"column":150}},"8":{"start":{"line":5,"column":81},"end":{"line":5,"column":150}},"9":{"start":{"line":6,"column":4},"end":{"line":6,"column":66}},"10":{"start":{"line":8,"column":17},"end":{"line":10,"column":1}},"11":{"start":{"line":9,"column":4},"end":{"line":9,"column":109}},"12":{"start":{"line":9,"column":79},"end":{"line":9,"column":109}},"13":{"start":{"line":11,"column":22},"end":{"line":13,"column":1}},"14":{"start":{"line":12,"column":4},"end":{"line":12,"column":62}},"15":{"start":{"line":15,"column":0},"end":{"line":15,"column":62}},"16":{"start":{"line":16,"column":16},"end":{"line":16,"column":32}},"17":{"start":{"line":17,"column":14},"end":{"line":17,"column":63}},"18":{"start":{"line":18,"column":18},"end":{"line":18,"column":55}},"19":{"start":{"line":19,"column":15},"end":{"line":19,"column":49}},"20":{"start":{"line":20,"column":19},"end":{"line":20,"column":57}},"21":{"start":{"line":21,"column":15},"end":{"line":21,"column":81}},"22":{"start":{"line":22,"column":18},"end":{"line":22,"column":55}},"23":{"start":{"line":23,"column":22},"end":{"line":23,"column":63}},"24":{"start":{"line":24,"column":18},"end":{"line":24,"column":55}},"25":{"start":{"line":27,"column":8},"end":{"line":29,"column":9}},"26":{"start":{"line":28,"column":12},"end":{"line":28,"column":75}},"27":{"start":{"line":32,"column":0},"end":{"line":35,"column":33}},"28":{"start":{"line":36,"column":0},"end":{"line":39,"column":35}},"29":{"start":{"line":40,"column":0},"end":{"line":43,"column":36}},"30":{"start":{"line":44,"column":0},"end":{"line":47,"column":39}},"31":{"start":{"line":48,"column":0},"end":{"line":51,"column":38}},"32":{"start":{"line":52,"column":0},"end":{"line":55,"column":40}},"33":{"start":{"line":56,"column":0},"end":{"line":59,"column":40}},"34":{"start":{"line":60,"column":0},"end":{"line":63,"column":38}},"35":{"start":{"line":61,"column":28},"end":{"line":61,"column":45}},"36":{"start":{"line":64,"column":0},"end":{"line":67,"column":38}},"37":{"start":{"line":65,"column":28},"end":{"line":65,"column":45}},"38":{"start":{"line":68,"column":0},"end":{"line":71,"column":35}},"39":{"start":{"line":69,"column":31},"end":{"line":69,"column":45}},"40":{"start":{"line":72,"column":0},"end":{"line":77,"column":36}},"41":{"start":{"line":73,"column":29},"end":{"line":73,"column":47}},"42":{"start":{"line":78,"column":0},"end":{"line":83,"column":43}},"43":{"start":{"line":79,"column":29},"end":{"line":79,"column":50}},"44":{"start":{"line":84,"column":0},"end":{"line":91,"column":39}},"45":{"start":{"line":85,"column":32},"end":{"line":85,"column":49}},"46":{"start":{"line":92,"column":0},"end":{"line":97,"column":31}},"47":{"start":{"line":98,"column":0},"end":{"line":98,"column":23}}},"fnMap":{"0":{"name":"(anonymous_0)","decl":{"start":{"line":2,"column":46},"end":{"line":2,"column":47}},"loc":{"start":{"line":2,"column":87},"end":{"line":7,"column":1}},"line":2},"1":{"name":"(anonymous_1)","decl":{"start":{"line":8,"column":46},"end":{"line":8,"column":47}},"loc":{"start":{"line":8,"column":62},"end":{"line":10,"column":1}},"line":8},"2":{"name":"(anonymous_2)","decl":{"start":{"line":11,"column":56},"end":{"line":11,"column":57}},"loc":{"start":{"line":11,"column":71},"end":{"line":13,"column":1}},"line":11},"3":{"name":"(anonymous_3)","decl":{"start":{"line":26,"column":4},"end":{"line":26,"column":5}},"loc":{"start":{"line":26,"column":39},"end":{"line":30,"column":5}},"line":26},"4":{"name":"(anonymous_4)","decl":{"start":{"line":61,"column":22},"end":{"line":61,"column":23}},"loc":{"start":{"line":61,"column":28},"end":{"line":61,"column":45}},"line":61},"5":{"name":"(anonymous_5)","decl":{"start":{"line":65,"column":22},"end":{"line":65,"column":23}},"loc":{"start":{"line":65,"column":28},"end":{"line":65,"column":45}},"line":65},"6":{"name":"(anonymous_6)","decl":{"start":{"line":69,"column":25},"end":{"line":69,"column":26}},"loc":{"start":{"line":69,"column":31},"end":{"line":69,"column":45}},"line":69},"7":{"name":"(anonymous_7)","decl":{"start":{"line":73,"column":23},"end":{"line":73,"column":24}},"loc":{"start":{"line":73,"column":29},"end":{"line":73,"column":47}},"line":73},"8":{"name":"(anonymous_8)","decl":{"start":{"line":79,"column":23},"end":{"line":79,"column":24}},"loc":{"start":{"line":79,"column":29},"end":{"line":79,"column":50}},"line":79},"9":{"name":"(anonymous_9)","decl":{"start":{"line":85,"column":26},"end":{"line":85,"column":27}},"loc":{"start":{"line":85,"column":32},"end":{"line":85,"column":49}},"line":85}},"branchMap":{"0":{"loc":{"start":{"line":2,"column":17},"end":{"line":7,"column":1}},"type":"binary-expr","locations":[{"start":{"line":2,"column":18},"end":{"line":2,"column":22}},{"start":{"line":2,"column":26},"end":{"line":2,"column":41}},{"start":{"line":2,"column":46},"end":{"line":7,"column":1}}],"line":2},"1":{"loc":{"start":{"line":3,"column":34},"end":{"line":3,"column":125}},"type":"cond-expr","locations":[{"start":{"line":3,"column":42},"end":{"line":3,"column":48}},{"start":{"line":3,"column":51},"end":{"line":3,"column":125}}],"line":3},"2":{"loc":{"start":{"line":3,"column":51},"end":{"line":3,"column":125}},"type":"cond-expr","locations":[{"start":{"line":3,"column":67},"end":{"line":3,"column":118}},{"start":{"line":3,"column":121},"end":{"line":3,"column":125}}],"line":3},"3":{"loc":{"start":{"line":4,"column":4},"end":{"line":5,"column":150}},"type":"if","locations":[{"start":{"line":4,"column":4},"end":{"line":5,"column":150}},{"start":{"line":4,"column":4},"end":{"line":5,"column":150}}],"line":4},"4":{"loc":{"start":{"line":4,"column":8},"end":{"line":4,"column":77}},"type":"binary-expr","locations":[{"start":{"line":4,"column":8},"end":{"line":4,"column":35}},{"start":{"line":4,"column":39},"end":{"line":4,"column":77}}],"line":4},"5":{"loc":{"start":{"line":5,"column":58},"end":{"line":5,"column":150}},"type":"if","locations":[{"start":{"line":5,"column":58},"end":{"line":5,"column":150}},{"start":{"line":5,"column":58},"end":{"line":5,"column":150}}],"line":5},"6":{"loc":{"start":{"line":5,"column":85},"end":{"line":5,"column":149}},"type":"binary-expr","locations":[{"start":{"line":5,"column":86},"end":{"line":5,"column":143}},{"start":{"line":5,"column":148},"end":{"line":5,"column":149}}],"line":5},"7":{"loc":{"start":{"line":5,"column":86},"end":{"line":5,"column":143}},"type":"cond-expr","locations":[{"start":{"line":5,"column":94},"end":{"line":5,"column":98}},{"start":{"line":5,"column":101},"end":{"line":5,"column":143}}],"line":5},"8":{"loc":{"start":{"line":5,"column":101},"end":{"line":5,"column":143}},"type":"cond-expr","locations":[{"start":{"line":5,"column":109},"end":{"line":5,"column":126}},{"start":{"line":5,"column":129},"end":{"line":5,"column":143}}],"line":5},"9":{"loc":{"start":{"line":6,"column":11},"end":{"line":6,"column":62}},"type":"binary-expr","locations":[{"start":{"line":6,"column":11},"end":{"line":6,"column":16}},{"start":{"line":6,"column":20},"end":{"line":6,"column":21}},{"start":{"line":6,"column":25},"end":{"line":6,"column":62}}],"line":6},"10":{"loc":{"start":{"line":8,"column":17},"end":{"line":10,"column":1}},"type":"binary-expr","locations":[{"start":{"line":8,"column":18},"end":{"line":8,"column":22}},{"start":{"line":8,"column":26},"end":{"line":8,"column":41}},{"start":{"line":8,"column":46},"end":{"line":10,"column":1}}],"line":8},"11":{"loc":{"start":{"line":9,"column":4},"end":{"line":9,"column":109}},"type":"if","locations":[{"start":{"line":9,"column":4},"end":{"line":9,"column":109}},{"start":{"line":9,"column":4},"end":{"line":9,"column":109}}],"line":9},"12":{"loc":{"start":{"line":9,"column":8},"end":{"line":9,"column":77}},"type":"binary-expr","locations":[{"start":{"line":9,"column":8},"end":{"line":9,"column":35}},{"start":{"line":9,"column":39},"end":{"line":9,"column":77}}],"line":9},"13":{"loc":{"start":{"line":11,"column":22},"end":{"line":13,"column":1}},"type":"binary-expr","locations":[{"start":{"line":11,"column":23},"end":{"line":11,"column":27}},{"start":{"line":11,"column":31},"end":{"line":11,"column":51}},{"start":{"line":11,"column":56},"end":{"line":13,"column":1}}],"line":11},"14":{"loc":{"start":{"line":12,"column":11},"end":{"line":12,"column":61}},"type":"cond-expr","locations":[{"start":{"line":12,"column":37},"end":{"line":12,"column":40}},{"start":{"line":12,"column":43},"end":{"line":12,"column":61}}],"line":12},"15":{"loc":{"start":{"line":12,"column":12},"end":{"line":12,"column":33}},"type":"binary-expr","locations":[{"start":{"line":12,"column":12},"end":{"line":12,"column":15}},{"start":{"line":12,"column":19},"end":{"line":12,"column":33}}],"line":12},"16":{"loc":{"start":{"line":27,"column":8},"end":{"line":29,"column":9}},"type":"if","locations":[{"start":{"line":27,"column":8},"end":{"line":29,"column":9}},{"start":{"line":27,"column":8},"end":{"line":29,"column":9}}],"line":27},"17":{"loc":{"start":{"line":54,"column":30},"end":{"line":54,"column":132}},"type":"cond-expr","locations":[{"start":{"line":54,"column":121},"end":{"line":54,"column":123}},{"start":{"line":54,"column":126},"end":{"line":54,"column":132}}],"line":54},"18":{"loc":{"start":{"line":54,"column":43},"end":{"line":54,"column":102}},"type":"binary-expr","locations":[{"start":{"line":54,"column":43},"end":{"line":54,"column":82}},{"start":{"line":54,"column":86},"end":{"line":54,"column":102}}],"line":54},"19":{"loc":{"start":{"line":58,"column":30},"end":{"line":58,"column":132}},"type":"cond-expr","locations":[{"start":{"line":58,"column":121},"end":{"line":58,"column":123}},{"start":{"line":58,"column":126},"end":{"line":58,"column":132}}],"line":58},"20":{"loc":{"start":{"line":58,"column":43},"end":{"line":58,"column":102}},"type":"binary-expr","locations":[{"start":{"line":58,"column":43},"end":{"line":58,"column":82}},{"start":{"line":58,"column":86},"end":{"line":58,"column":102}}],"line":58},"21":{"loc":{"start":{"line":62,"column":30},"end":{"line":62,"column":124}},"type":"cond-expr","locations":[{"start":{"line":62,"column":113},"end":{"line":62,"column":115}},{"start":{"line":62,"column":118},"end":{"line":62,"column":124}}],"line":62},"22":{"loc":{"start":{"line":62,"column":43},"end":{"line":62,"column":94}},"type":"binary-expr","locations":[{"start":{"line":62,"column":43},"end":{"line":62,"column":78}},{"start":{"line":62,"column":82},"end":{"line":62,"column":94}}],"line":62},"23":{"loc":{"start":{"line":66,"column":30},"end":{"line":66,"column":124}},"type":"cond-expr","locations":[{"start":{"line":66,"column":113},"end":{"line":66,"column":115}},{"start":{"line":66,"column":118},"end":{"line":66,"column":124}}],"line":66},"24":{"loc":{"start":{"line":66,"column":43},"end":{"line":66,"column":94}},"type":"binary-expr","locations":[{"start":{"line":66,"column":43},"end":{"line":66,"column":78}},{"start":{"line":66,"column":82},"end":{"line":66,"column":94}}],"line":66},"25":{"loc":{"start":{"line":70,"column":30},"end":{"line":70,"column":130}},"type":"cond-expr","locations":[{"start":{"line":70,"column":119},"end":{"line":70,"column":121}},{"start":{"line":70,"column":124},"end":{"line":70,"column":130}}],"line":70},"26":{"loc":{"start":{"line":70,"column":43},"end":{"line":70,"column":100}},"type":"binary-expr","locations":[{"start":{"line":70,"column":43},"end":{"line":70,"column":81}},{"start":{"line":70,"column":85},"end":{"line":70,"column":100}}],"line":70},"27":{"loc":{"start":{"line":76,"column":30},"end":{"line":76,"column":126}},"type":"cond-expr","locations":[{"start":{"line":76,"column":115},"end":{"line":76,"column":117}},{"start":{"line":76,"column":120},"end":{"line":76,"column":126}}],"line":76},"28":{"loc":{"start":{"line":76,"column":43},"end":{"line":76,"column":96}},"type":"binary-expr","locations":[{"start":{"line":76,"column":43},"end":{"line":76,"column":79}},{"start":{"line":76,"column":83},"end":{"line":76,"column":96}}],"line":76},"29":{"loc":{"start":{"line":82,"column":30},"end":{"line":82,"column":126}},"type":"cond-expr","locations":[{"start":{"line":82,"column":115},"end":{"line":82,"column":117}},{"start":{"line":82,"column":120},"end":{"line":82,"column":126}}],"line":82},"30":{"loc":{"start":{"line":82,"column":43},"end":{"line":82,"column":96}},"type":"binary-expr","locations":[{"start":{"line":82,"column":43},"end":{"line":82,"column":79}},{"start":{"line":82,"column":83},"end":{"line":82,"column":96}}],"line":82},"31":{"loc":{"start":{"line":90,"column":30},"end":{"line":90,"column":132}},"type":"cond-expr","locations":[{"start":{"line":90,"column":121},"end":{"line":90,"column":123}},{"start":{"line":90,"column":126},"end":{"line":90,"column":132}}],"line":90},"32":{"loc":{"start":{"line":90,"column":43},"end":{"line":90,"column":102}},"type":"binary-expr","locations":[{"start":{"line":90,"column":43},"end":{"line":90,"column":82}},{"start":{"line":90,"column":86},"end":{"line":90,"column":102}}],"line":90}},"s":{"0":1,"1":14,"2":14,"3":14,"4":14,"5":0,"6":0,"7":0,"8":0,"9":14,"10":1,"11":16,"12":16,"13":1,"14":7,"15":1,"16":1,"17":1,"18":1,"19":1,"20":1,"21":1,"22":1,"23":1,"24":1,"25":1,"26":1,"27":1,"28":1,"29":1,"30":1,"31":1,"32":1,"33":1,"34":1,"35":5,"36":1,"37":0,"38":1,"39":69,"40":1,"41":0,"42":1,"43":0,"44":1,"45":0,"46":1,"47":1},"f":{"0":14,"1":16,"2":7,"3":1,"4":5,"5":0,"6":69,"7":0,"8":0,"9":0},"b":{"0":[1,1,1],"1":[0,14],"2":[1,13],"3":[14,0],"4":[14,14],"5":[0,0],"6":[0,0],"7":[0,0],"8":[0,0],"9":[14,14,1],"10":[1,1,1],"11":[16,0],"12":[16,16],"13":[1,1,1],"14":[6,1],"15":[7,7],"16":[1,0],"17":[1,0],"18":[1,1],"19":[1,0],"20":[1,1],"21":[0,1],"22":[1,0],"23":[0,1],"24":[1,0],"25":[0,1],"26":[1,0],"27":[0,1],"28":[1,0],"29":[0,1],"30":[1,0],"31":[0,1],"32":[1,0]},"inputSourceMap":{"version":3,"file":"User.js","sourceRoot":"","sources":["User.ts"],"names":[],"mappings":";;;;;;;;;;;;;;;AAAA,iCAAgC;AAChC,gEAAqJ;AACrJ,wDAAgC;AAChC,kDAA0B;AAC1B,0DAAkC;AAClC,kFAAyC;AACzC,wDAAgC;AAChC,gEAAwC;AACxC,wDAAgC;AAEhC,MAAqB,IAAK,SAAQ,eAAS;IA0ClC,MAAM,CAAC,KAAK,CAAC,YAAY,CAAE,OAAa;QAC7C,IAAI,OAAO,CAAC,MAAM,CAAC,QAAQ,EAAE;YAC3B,OAAO,CAAC,QAAQ,GAAG,MAAM,cAAI,CAAC,IAAI,CAAC,OAAO,CAAC,QAAQ,CAAC,CAAA;SACrD;IACH,CAAC;CASF;AArDC;IADC,IAAA,YAAM,EAAC,EAAE,SAAS,EAAE,IAAI,EAAE,CAAC;;gCACV;AAGlB;IADC,IAAA,YAAM,GAAE;;kCACU;AAGnB;IADC,IAAA,YAAM,GAAE;;mCACW;AAGpB;IADC,IAAA,YAAM,GAAE;;sCACc;AAGvB;IADC,IAAA,YAAM,GAAE;;qCACO;AAGhB;IADC,YAAM,CAAC,QAAQ,CAAC,EAAE,UAAU,EAAE,IAAI,EAAE,CAAC;kDACpB,gBAAQ,oBAAR,gBAAQ;uCAAA;AAG1B;IADC,YAAM,CAAC,QAAQ,CAAC,EAAE,UAAU,EAAE,IAAI,EAAE,UAAU,EAAE,IAAI,EAAE,CAAC;kDACtC,gBAAQ,oBAAR,gBAAQ;uCAAA;AAG1B;IADC,IAAA,YAAM,EAAC,GAAG,EAAE,CAAC,iBAAO,EAAE,EAAC,UAAU,EAAE,SAAS,EAAC,CAAC;kDAC/B,YAAM,oBAAN,YAAM;qCAAgB;AAGtC;IADC,IAAA,YAAM,EAAC,GAAG,EAAE,CAAC,iBAAO,EAAE,EAAC,UAAU,EAAE,SAAS,EAAC,CAAC;kDAC/B,YAAM,oBAAN,YAAM;qCAAgB;AAGtC;IADC,IAAA,eAAS,EAAC,GAAG,EAAE,CAAC,cAAI,EAAE,EAAC,UAAU,EAAE,SAAS,EAAC,CAAC;kDAClC,eAAS,oBAAT,eAAS;kCAAa;AAKnC;IAHC,IAAA,aAAO,EAAC,GAAG,EAAE,CAAC,kBAAQ,EAAC;QACtB,UAAU,EAAE,SAAS;KACtB,CAAC;kDACY,aAAO,oBAAP,aAAO;mCAAiB;AAKtC;IAHC,IAAA,aAAO,EAAC,GAAG,EAAE,CAAC,qBAAW,EAAC;QACzB,UAAU,EAAE,SAAS;KACtB,CAAC;kDACmB,aAAO,oBAAP,aAAO;0CAAoB;AAc9C;IALD,IAAA,gBAAU,EAAC,GAAG,EAAE,CAAC,iBAAO,EAAE;QACzB,UAAU,EAAE,eAAe;QAC3B,eAAe,EAAE,SAAS;QAC1B,sBAAsB,EAAE,YAAY;KACnC,CAAC;kDACe,gBAAU,oBAAV,gBAAU;sCAAiB;AAX9C;IADC,IAAA,gBAAU,GAAE;;qCAC8B,IAAI;;8BAI9C;AA9CH,uBAuDC","sourcesContent":["import { DateTime } from 'luxon'\nimport { BaseModel, beforeSave, BelongsTo, belongsTo, column, HasMany, hasMany, HasOne, hasOne, ManyToMany, manyToMany } from '@ioc:Adonis/Lucid/Orm'\nimport Profile from './Profile';\nimport Role from './Role';\nimport ApiToken from './ApiToken';\nimport Hash from '@ioc:Adonis/Core/Hash';\nimport Library from './Library';\nimport Reservation from './Reservation';\nimport Printer from './Printer';\n\nexport default class User extends BaseModel {\n  @column({ isPrimary: true })\n  public id: number;\n\n  @column()\n  public name:string;\n\n  @column()\n  public email:string;\n\n  @column()\n  public password:string;\n\n  @column()\n  role_id: number;\n\n  @column.dateTime({ autoCreate: true })\n  public createdAt: DateTime\n\n  @column.dateTime({ autoCreate: true, autoUpdate: true })\n  public updatedAt: DateTime\n\n  @hasOne(() => Profile, {foreignKey: 'user_id'})\n  public profile: HasOne<typeof Profile>\n\n  @hasOne(() => Library, {foreignKey: 'user_id'})\n  public library: HasOne<typeof Library>\n\n  @belongsTo(() => Role, {foreignKey: 'role_id'})\n  public role: BelongsTo<typeof Role>\n    \n  @hasMany(() => ApiToken,{\n    foreignKey: 'user_id',\n  })\n  public users: HasMany<typeof ApiToken>\n  \n  @hasMany(() => Reservation,{\n    foreignKey: 'user_id',\n  })\n  public reservations: HasMany<typeof Reservation>\n\n  @beforeSave()\n  public static async hashPassword (theUser: User) {\n    if (theUser.$dirty.password) {\n      theUser.password = await Hash.make(theUser.password)    \n    }\n  }\n\n  @manyToMany(() => Printer, {\n    pivotTable: 'user_printers',\n    pivotForeignKey: 'user_id',\n    pivotRelatedForeignKey: 'printer_id',\n    })\n    public printers: ManyToMany<typeof Printer>;\n    \n}\n"]},"_coverageSchema":"1a1c01bbd47fc00a2c39e90264f33305004495a9","hash":"bc687a0dfd379ab60a1ca6df39d5405c779b0ebc"},"C:\\Users\\JUAN MORA\\Desktop\\OctavoSemestre\\ProyectoDesSoftw\\Proyecto\\BACKEND\\app\\Models\\Profile.ts":{"path":"C:\\Users\\JUAN MORA\\Desktop\\OctavoSemestre\\ProyectoDesSoftw\\Proyecto\\BACKEND\\app\\Models\\Profile.ts","statementMap":{"0":{"start":{"line":2,"column":17},"end":{"line":7,"column":1}},"1":{"start":{"line":3,"column":12},"end":{"line":3,"column":28}},"2":{"start":{"line":3,"column":34},"end":{"line":3,"column":125}},"3":{"start":{"line":4,"column":4},"end":{"line":5,"column":150}},"4":{"start":{"line":4,"column":79},"end":{"line":4,"column":131}},"5":{"start":{"line":5,"column":9},"end":{"line":5,"column":150}},"6":{"start":{"line":5,"column":22},"end":{"line":5,"column":43}},"7":{"start":{"line":5,"column":58},"end":{"line":5,"column":150}},"8":{"start":{"line":5,"column":81},"end":{"line":5,"column":150}},"9":{"start":{"line":6,"column":4},"end":{"line":6,"column":66}},"10":{"start":{"line":8,"column":17},"end":{"line":10,"column":1}},"11":{"start":{"line":9,"column":4},"end":{"line":9,"column":109}},"12":{"start":{"line":9,"column":79},"end":{"line":9,"column":109}},"13":{"start":{"line":12,"column":0},"end":{"line":12,"column":62}},"14":{"start":{"line":13,"column":16},"end":{"line":13,"column":32}},"15":{"start":{"line":14,"column":14},"end":{"line":14,"column":63}},"16":{"start":{"line":17,"column":0},"end":{"line":20,"column":36}},"17":{"start":{"line":21,"column":0},"end":{"line":24,"column":41}},"18":{"start":{"line":25,"column":0},"end":{"line":28,"column":39}},"19":{"start":{"line":29,"column":0},"end":{"line":32,"column":46}},"20":{"start":{"line":33,"column":0},"end":{"line":36,"column":47}},"21":{"start":{"line":37,"column":0},"end":{"line":40,"column":43}},"22":{"start":{"line":41,"column":0},"end":{"line":44,"column":43}},"23":{"start":{"line":45,"column":0},"end":{"line":45,"column":26}}},"fnMap":{"0":{"name":"(anonymous_0)","decl":{"start":{"line":2,"column":46},"end":{"line":2,"column":47}},"loc":{"start":{"line":2,"column":87},"end":{"line":7,"column":1}},"line":2},"1":{"name":"(anonymous_1)","decl":{"start":{"line":8,"column":46},"end":{"line":8,"column":47}},"loc":{"start":{"line":8,"column":62},"end":{"line":10,"column":1}},"line":8}},"branchMap":{"0":{"loc":{"start":{"line":2,"column":17},"end":{"line":7,"column":1}},"type":"binary-expr","locations":[{"start":{"line":2,"column":18},"end":{"line":2,"column":22}},{"start":{"line":2,"column":26},"end":{"line":2,"column":41}},{"start":{"line":2,"column":46},"end":{"line":7,"column":1}}],"line":2},"1":{"loc":{"start":{"line":3,"column":34},"end":{"line":3,"column":125}},"type":"cond-expr","locations":[{"start":{"line":3,"column":42},"end":{"line":3,"column":48}},{"start":{"line":3,"column":51},"end":{"line":3,"column":125}}],"line":3},"2":{"loc":{"start":{"line":3,"column":51},"end":{"line":3,"column":125}},"type":"cond-expr","locations":[{"start":{"line":3,"column":67},"end":{"line":3,"column":118}},{"start":{"line":3,"column":121},"end":{"line":3,"column":125}}],"line":3},"3":{"loc":{"start":{"line":4,"column":4},"end":{"line":5,"column":150}},"type":"if","locations":[{"start":{"line":4,"column":4},"end":{"line":5,"column":150}},{"start":{"line":4,"column":4},"end":{"line":5,"column":150}}],"line":4},"4":{"loc":{"start":{"line":4,"column":8},"end":{"line":4,"column":77}},"type":"binary-expr","locations":[{"start":{"line":4,"column":8},"end":{"line":4,"column":35}},{"start":{"line":4,"column":39},"end":{"line":4,"column":77}}],"line":4},"5":{"loc":{"start":{"line":5,"column":58},"end":{"line":5,"column":150}},"type":"if","locations":[{"start":{"line":5,"column":58},"end":{"line":5,"column":150}},{"start":{"line":5,"column":58},"end":{"line":5,"column":150}}],"line":5},"6":{"loc":{"start":{"line":5,"column":85},"end":{"line":5,"column":149}},"type":"binary-expr","locations":[{"start":{"line":5,"column":86},"end":{"line":5,"column":143}},{"start":{"line":5,"column":148},"end":{"line":5,"column":149}}],"line":5},"7":{"loc":{"start":{"line":5,"column":86},"end":{"line":5,"column":143}},"type":"cond-expr","locations":[{"start":{"line":5,"column":94},"end":{"line":5,"column":98}},{"start":{"line":5,"column":101},"end":{"line":5,"column":143}}],"line":5},"8":{"loc":{"start":{"line":5,"column":101},"end":{"line":5,"column":143}},"type":"cond-expr","locations":[{"start":{"line":5,"column":109},"end":{"line":5,"column":126}},{"start":{"line":5,"column":129},"end":{"line":5,"column":143}}],"line":5},"9":{"loc":{"start":{"line":6,"column":11},"end":{"line":6,"column":62}},"type":"binary-expr","locations":[{"start":{"line":6,"column":11},"end":{"line":6,"column":16}},{"start":{"line":6,"column":20},"end":{"line":6,"column":21}},{"start":{"line":6,"column":25},"end":{"line":6,"column":62}}],"line":6},"10":{"loc":{"start":{"line":8,"column":17},"end":{"line":10,"column":1}},"type":"binary-expr","locations":[{"start":{"line":8,"column":18},"end":{"line":8,"column":22}},{"start":{"line":8,"column":26},"end":{"line":8,"column":41}},{"start":{"line":8,"column":46},"end":{"line":10,"column":1}}],"line":8},"11":{"loc":{"start":{"line":9,"column":4},"end":{"line":9,"column":109}},"type":"if","locations":[{"start":{"line":9,"column":4},"end":{"line":9,"column":109}},{"start":{"line":9,"column":4},"end":{"line":9,"column":109}}],"line":9},"12":{"loc":{"start":{"line":9,"column":8},"end":{"line":9,"column":77}},"type":"binary-expr","locations":[{"start":{"line":9,"column":8},"end":{"line":9,"column":35}},{"start":{"line":9,"column":39},"end":{"line":9,"column":77}}],"line":9},"13":{"loc":{"start":{"line":39,"column":30},"end":{"line":39,"column":132}},"type":"cond-expr","locations":[{"start":{"line":39,"column":121},"end":{"line":39,"column":123}},{"start":{"line":39,"column":126},"end":{"line":39,"column":132}}],"line":39},"14":{"loc":{"start":{"line":39,"column":43},"end":{"line":39,"column":102}},"type":"binary-expr","locations":[{"start":{"line":39,"column":43},"end":{"line":39,"column":82}},{"start":{"line":39,"column":86},"end":{"line":39,"column":102}}],"line":39},"15":{"loc":{"start":{"line":43,"column":30},"end":{"line":43,"column":132}},"type":"cond-expr","locations":[{"start":{"line":43,"column":121},"end":{"line":43,"column":123}},{"start":{"line":43,"column":126},"end":{"line":43,"column":132}}],"line":43},"16":{"loc":{"start":{"line":43,"column":43},"end":{"line":43,"column":102}},"type":"binary-expr","locations":[{"start":{"line":43,"column":43},"end":{"line":43,"column":82}},{"start":{"line":43,"column":86},"end":{"line":43,"column":102}}],"line":43}},"s":{"0":1,"1":7,"2":7,"3":7,"4":7,"5":0,"6":0,"7":0,"8":0,"9":7,"10":1,"11":7,"12":7,"13":1,"14":1,"15":1,"16":1,"17":1,"18":1,"19":1,"20":1,"21":1,"22":1,"23":1},"f":{"0":7,"1":7},"b":{"0":[1,1,1],"1":[0,7],"2":[0,7],"3":[7,0],"4":[7,7],"5":[0,0],"6":[0,0],"7":[0,0],"8":[0,0],"9":[7,
[...]
ery().where(\"id\",params.id);\n        return theTask;\n    }\n    /**\n     * Actualiza la información de un Task basado\n     * en el identificador y nuevos parámetros\n     */\n    public async update({params,request}:HttpContextContract) {\n        const body=request.body();\n        const theTask:Task=await Task.findOrFail(params.id);\n        theTask.name=body.name;\n        theTask.durationHours=body.durationHours;  \n        theTask.priority=body.priority; \n        if(body.Archive){\n            body.Archive.archive_id=params.id;\n            //await this.setArchive(body.Archive);\n        }\n        return theTask.save();\n    }\n    /**\n     * Elimina a un Task basado en el identificador\n     */\n    public async destroy({params}:HttpContextContract) {\n        const theTask:Task=await Task.findOrFail(params.id);\n        return theTask.delete();\n    }\n    /*\n    public async setArchive(info_Archive){\n        const Archive_User=await Archive.findBy('archive_id',info_Archive.archive_id );\n            if(Archive_User){\n                Archive_User.name=info_Archive.name;\n                Archive_User.format=info_Archive.format;\n                Archive_User.visibility=info_Archive.visibility;\n                Archive_User.category_id=info_Archive.category_id;\n                Archive_User.save();\n            }else{\n                await Archive.create(info_Archive);\n            }\n    }\n    */\n}\n"]},"_coverageSchema":"1a1c01bbd47fc00a2c39e90264f33305004495a9","hash":"cd8551e5b9659afaf9a23588a61e89b6d2fdbfe9"},"C:\\Users\\JUAN MORA\\Desktop\\OctavoSemestre\\ProyectoDesSoftw\\Proyecto\\BACKEND\\app\\Controllers\\Http\\TaskItemsController.ts":{"path":"C:\\Users\\JUAN MORA\\Desktop\\OctavoSemestre\\ProyectoDesSoftw\\Proyecto\\BACKEND\\app\\Controllers\\Http\\TaskItemsController.ts","statementMap":{"0":{"start":{"line":2,"column":22},"end":{"line":4,"column":1}},"1":{"start":{"line":3,"column":4},"end":{"line":3,"column":62}},"2":{"start":{"line":5,"column":0},"end":{"line":5,"column":62}},"3":{"start":{"line":6,"column":19},"end":{"line":6,"column":68}},"4":{"start":{"line":9,"column":24},"end":{"line":9,"column":56}},"5":{"start":{"line":10,"column":8},"end":{"line":10,"column":25}},"6":{"start":{"line":13,"column":21},"end":{"line":13,"column":35}},"7":{"start":{"line":14,"column":28},"end":{"line":14,"column":65}},"8":{"start":{"line":15,"column":8},"end":{"line":15,"column":27}},"9":{"start":{"line":18,"column":26},"end":{"line":18,"column":81}},"10":{"start":{"line":19,"column":8},"end":{"line":19,"column":27}},"11":{"start":{"line":22,"column":21},"end":{"line":22,"column":35}},"12":{"start":{"line":23,"column":28},"end":{"line":23,"column":74}},"13":{"start":{"line":24,"column":8},"end":{"line":24,"column":57}},"14":{"start":{"line":25,"column":8},"end":{"line":25,"column":43}},"15":{"start":{"line":26,"column":8},"end":{"line":26,"column":34}},"16":{"start":{"line":29,"column":28},"end":{"line":29,"column":74}},"17":{"start":{"line":30,"column":8},"end":{"line":30,"column":36}},"18":{"start":{"line":33,"column":0},"end":{"line":33,"column":38}}},"fnMap":{"0":{"name":"(anonymous_0)","decl":{"start":{"line":2,"column":56},"end":{"line":2,"column":57}},"loc":{"start":{"line":2,"column":71},"end":{"line":4,"column":1}},"line":2},"1":{"name":"(anonymous_1)","decl":{"start":{"line":8,"column":4},"end":{"line":8,"column":5}},"loc":{"start":{"line":8,"column":21},"end":{"line":11,"column":5}},"line":8},"2":{"name":"(anonymous_2)","decl":{"start":{"line":12,"column":4},"end":{"line":12,"column":5}},"loc":{"start":{"line":12,"column":29},"end":{"line":16,"column":5}},"line":12},"3":{"name":"(anonymous_3)","decl":{"start":{"line":17,"column":4},"end":{"line":17,"column":5}},"loc":{"start":{"line":17,"column":27},"end":{"line":20,"column":5}},"line":17},"4":{"name":"(anonymous_4)","decl":{"start":{"line":21,"column":4},"end":{"line":21,"column":5}},"loc":{"start":{"line":21,"column":38},"end":{"line":27,"column":5}},"line":21},"5":{"name":"(anonymous_5)","decl":{"start":{"line":28,"column":4},"end":{"line":28,"column":5}},"loc":{"start":{"line":28,"column":30},"end":{"line":31,"column":5}},"line":28}},"branchMap":{"0":{"loc":{"start":{"line":2,"column":22},"end":{"line":4,"column":1}},"type":"binary-expr","locations":[{"start":{"line":2,"column":23},"end":{"line":2,"column":27}},{"start":{"line":2,"column":31},"end":{"line":2,"column":51}},{"start":{"line":2,"column":56},"end":{"line":4,"column":1}}],"line":2},"1":{"loc":{"start":{"line":3,"column":11},"end":{"line":3,"column":61}},"type":"cond-expr","locations":[{"start":{"line":3,"column":37},"end":{"line":3,"column":40}},{"start":{"line":3,"column":43},"end":{"line":3,"column":61}}],"line":3},"2":{"loc":{"start":{"line":3,"column":12},"end":{"line":3,"column":33}},"type":"binary-expr","locations":[{"start":{"line":3,"column":12},"end":{"line":3,"column":15}},{"start":{"line":3,"column":19},"end":{"line":3,"column":33}}],"line":3}},"s":{"0":1,"1":1,"2":1,"3":1,"4":1,"5":1,"6":1,"7":1,"8":1,"9":1,"10":1,"11":0,"12":0,"13":0,"14":0,"15":0,"16":1,"17":1,"18":1},"f":{"0":1,"1":1,"2":1,"3":1,"4":0,"5":1},"b":{"0":[1,1,1],"1":[1,0],"2":[1,1]},"inputSourceMap":{"version":3,"file":"TaskItemsController.js","sourceRoot":"","sources":["TaskItemsController.ts"],"names":[],"mappings":";;;;;AACA,qEAA6C;AAE7C,MAAqB,mBAAmB;IAI7B,KAAK,CAAC,KAAK,CAAC,GAAuB;QACtC,IAAI,SAAS,GAAY,MAAM,kBAAQ,CAAC,KAAK,EAAE,CAAA;QAC/C,OAAO,SAAS,CAAC;IACrB,CAAC;IAIM,KAAK,CAAC,KAAK,CAAC,EAAC,OAAO,EAAqB;QAC5C,MAAM,IAAI,GAAC,OAAO,CAAC,IAAI,EAAE,CAAC;QAC1B,MAAM,WAAW,GAAU,MAAM,kBAAQ,CAAC,MAAM,CAAC,IAAI,CAAC,CAAC;QACvD,OAAO,WAAW,CAAC;IACvB,CAAC;IAIM,KAAK,CAAC,IAAI,CAAC,EAAC,MAAM,EAAqB;QAC1C,IAAI,WAAW,GAAC,MAAM,kBAAQ,CAAC,KAAK,EAAE,CAAC,KAAK,CAAC,IAAI,EAAC,MAAM,CAAC,EAAE,CAAC,CAAC;QAC7D,OAAO,WAAW,CAAC;IACvB,CAAC;IAKM,KAAK,CAAC,MAAM,CAAC,EAAC,MAAM,EAAC,OAAO,EAAqB;QACpD,MAAM,IAAI,GAAC,OAAO,CAAC,IAAI,EAAE,CAAC;QAC1B,MAAM,WAAW,GAAU,MAAM,kBAAQ,CAAC,UAAU,CAAC,MAAM,CAAC,EAAE,CAAC,CAAC;QAChE,WAAW,CAAC,cAAc,GAAC,IAAI,CAAC,cAAc,CAAC;QAC/C,WAAW,CAAC,OAAO,GAAC,IAAI,CAAC,OAAO,CAAC;QACjC,OAAO,WAAW,CAAC,IAAI,EAAE,CAAC;IAC9B,CAAC;IAIM,KAAK,CAAC,OAAO,CAAC,EAAC,MAAM,EAAqB;QAC7C,MAAM,WAAW,GAAU,MAAM,kBAAQ,CAAC,UAAU,CAAC,MAAM,CAAC,EAAE,CAAC,CAAC;QAChE,OAAO,WAAW,CAAC,MAAM,EAAE,CAAC;IAChC,CAAC;CACJ;AAzCD,sCAyCC","sourcesContent":["import type { HttpContextContract } from '@ioc:Adonis/Core/HttpContext'\nimport TaskItem from '../../Models/TaskItem';\n\nexport default class TaskItemsController {\n                /**\n     * Lista todos los TaskItems\n     */\n    public async index(ctx:HttpContextContract){\n        let TaskItems:TaskItem[]=await TaskItem.query()\n        return TaskItems;\n    }\n    /**\n     * Almacena la información de un TaskItem\n     */\n    public async store({request}:HttpContextContract){\n        const body=request.body();\n        const newTaskItem:TaskItem=await TaskItem.create(body);\n        return newTaskItem;\n    }\n    /**\n     * Muestra la información de un solo TaskItem\n     */\n    public async show({params}:HttpContextContract) {\n        let theTaskItem=await TaskItem.query().where(\"id\",params.id);\n        return theTaskItem;\n    }\n    /**\n     * Actualiza la información de un TaskItem basado\n     * en el identificador y nuevos parámetros\n     */\n    public async update({params,request}:HttpContextContract) {\n        const body=request.body();\n        const theTaskItem:TaskItem=await TaskItem.findOrFail(params.id);\n        theTaskItem.reservation_id=body.reservation_id; \n        theTaskItem.task_id=body.task_id;   \n        return theTaskItem.save();\n    }\n    /**\n     * Elimina a un TaskItem basado en el identificador\n     */\n    public async destroy({params}:HttpContextContract) {\n        const theTaskItem:TaskItem=await TaskItem.findOrFail(params.id);\n        return theTaskItem.delete();\n    }\n}\n"]},"_coverageSchema":"1a1c01bbd47fc00a2c39e90264f33305004495a9","hash":"10ca71fabe3296f0547d7faabed0c36f487779b0"},"C:\\Users\\JUAN MORA\\Desktop\\OctavoSemestre\\ProyectoDesSoftw\\Proyecto\\BACKEND\\app\\Controllers\\Http\\UsersController.ts":{"path":"C:\\Users\\JUAN MORA\\Desktop\\OctavoSemestre\\ProyectoDesSoftw\\Proyecto\\BACKEND\\app\\Controllers\\Http\\UsersController.ts","statementMap":{"0":{"start":{"line":2,"column":22},"end":{"line":4,"column":1}},"1":{"start":{"line":3,"column":4},"end":{"line":3,"column":62}},"2":{"start":{"line":5,"column":0},"end":{"line":5,"column":62}},"3":{"start":{"line":6,"column":15},"end":{"line":6,"column":80}},"4":{"start":{"line":7,"column":21},"end":{"line":7,"column":93}},"5":{"start":{"line":8,"column":18},"end":{"line":8,"column":86}},"6":{"start":{"line":9,"column":15},"end":{"line":9,"column":80}},"7":{"start":{"line":12,"column":20},"end":{"line":12,"column":83}},"8":{"start":{"line":13,"column":8},"end":{"line":13,"column":21}},"9":{"start":{"line":16,"column":21},"end":{"line":16,"column":35}},"10":{"start":{"line":17,"column":24},"end":{"line":17,"column":57}},"11":{"start":{"line":18,"column":8},"end":{"line":18,"column":23}},"12":{"start":{"line":21,"column":22},"end":{"line":21,"column":108}},"13":{"start":{"line":22,"column":8},"end":{"line":22,"column":23}},"14":{"start":{"line":25,"column":21},"end":{"line":25,"column":35}},"15":{"start":{"line":26,"column":24},"end":{"line":26,"column":66}},"16":{"start":{"line":27,"column":8},"end":{"line":27,"column":33}},"17":{"start":{"line":28,"column":8},"end":{"line":28,"column":35}},"18":{"start":{"line":29,"column":8},"end":{"line":29,"column":71}},"19":{"start":{"line":30,"column":8},"end":{"line":30,"column":39}},"20":{"start":{"line":31,"column":8},"end":{"line":34,"column":9}},"21":{"start":{"line":32,"column":12},"end":{"line":32,"column":42}},"22":{"start":{"line":33,"column":12},"end":{"line":33,"column":45}},"23":{"start":{"line":35,"column":8},"end":{"line":38,"column":9}},"24":{"start":{"line":36,"column":12},"end":{"line":36,"column":45}},"25":{"start":{"line":37,"column":12},"end":{"line":37,"column":48}},"26":{"start":{"line":39,"column":8},"end":{"line":39,"column":30}},"27":{"start":{"line":42,"column":24},"end":{"line":42,"column":66}},"28":{"start":{"line":43,"column":8},"end":{"line":43,"column":32}},"29":{"start":{"line":46,"column":29},"end":{"line":46,"column":92}},"30":{"start":{"line":47,"column":8},"end":{"line":55,"column":9}},"31":{"start":{"line":48,"column":12},"end":{"line":48,"column":52}},"32":{"start":{"line":49,"column":12},"end":{"line":49,"column":66}},"33":{"start":{"line":50,"column":12},"end":{"line":50,"column":68}},"34":{"start":{"line":51,"column":12},"end":{"line":51,"column":32}},"35":{"start":{"line":54,"column":12},"end":{"line":54,"column":57}},"36":{"start":{"line":58,"column":21},"end":{"line":58,"column":78}},"37":{"start":{"line":59,"column":8},"end":{"line":65,"column":9}},"38":{"start":{"line":60,"column":12},"end":{"line":60,"column":39}},"39":{"start":{"line":61,"column":12},"end":{"line":61,"column":24}},"40":{"start":{"line":64,"column":12},"end":{"line":64,"column":51}},"41":{"start":{"line":68,"column":0},"end":{"line":68,"column":34}}},"fnMap":{"0":{"name":"(anonymous_0)","decl":{"start":{"line":2,"column":56},"end":{"line":2,"column":57}},"loc":{"start":{"line":2,"column":71},"end":{"line":4,"column":1}},"line":2},"1":{"name":"(anonymous_1)","decl":{"start":{"line":11,"column":4},"end":{"line":11,"column":5}},"loc":{"start":{"line":11,"column":21},"end":{"line":14,"column":5}},"line":11},"2":{"name":"(anonymous_2)","decl":{"start":{"line":15,"column":4},"end":{"line":15,"column":5}},"loc":{"start":{"line":15,"column":29},"end":{"line":19,"column":5}},"line":15},"3":{"name":"(anonymous_3)","decl":{"start":{"line":20,"column":4},"end":{"line":20,"column":5}},"loc":{"start":{"line":20,"column":27},"end":{"line":23,"column":5}},"line":20},"4":{"name":"(anonymous_4)","decl":{"start":{"line":24,"column":4},"end":{"line":24,"column":5}},"loc":{"start":{"line":24,"column":38},"end":{"line":40,"column":5}},"line":24},"5":{"name":"(anonymous_5)","decl":{"start":{"line":41,"column":4},"end":{"line":41,"column":5}},"loc":{"start":{"line":41,"column":30},"end":{"line":44,"column":5}},"line":41},"6":{"name":"(anonymous_6)","decl":{"start":{"line":45,"column":4},"end":{"line":45,"column":5}},"loc":{"start":{"line":45,"column":35},"end":{"line":56,"column":5}},"line":45},"7":{"name":"(anonymous_7)","decl":{"start":{"line":57,"column":4},"end":{"line":57,"column":5}},"loc":{"start":{"line":57,"column":29},"end":{"line":66,"column":5}},"line":57}},"branchMap":{"0":{"loc":{"start":{"line":2,"column":22},"end":{"line":4,"column":1}},"type":"binary-expr","locations":[{"start":{"line":2,"column":23},"end":{"line":2,"column":27}},{"start":{"line":2,"column":31},"end":{"line":2,"column":51}},{"start":{"line":2,"column":56},"end":{"line":4,"column":1}}],"line":2},"1":{"loc":{"start":{"line":3,"column":11},"end":{"line":3,"column":61}},"type":"cond-expr","locations":[{"start":{"line":3,"column":37},"end":{"line":3,"column":40}},{"start":{"line":3,"column":43},"end":{"line":3,"column":61}}],"line":3},"2":{"loc":{"start":{"line":3,"column":12},"end":{"line":3,"column":33}},"type":"binary-expr","locations":[{"start":{"line":3,"column":12},"end":{"line":3,"column":15}},{"start":{"line":3,"column":19},"end":{"line":3,"column":33}}],"line":3},"3":{"loc":{"start":{"line":31,"column":8},"end":{"line":34,"column":9}},"type":"if","locations":[{"start":{"line":31,"column":8},"end":{"line":34,"column":9}},{"start":{"line":31,"column":8},"end":{"line":34,"column":9}}],"line":31},"4":{"loc":{"start":{"line":35,"column":8},"end":{"line":38,"column":9}},"type":"if","locations":[{"start":{"line":35,"column":8},"end":{"line":38,"column":9}},{"start":{"line":35,"column":8},"end":{"line":38,"column":9}}],"line":35},"5":{"loc":{"start":{"line":47,"column":8},"end":{"line":55,"column":9}},"type":"if","locations":[{"start":{"line":47,"column":8},"end":{"line":55,"column":9}},{"start":{"line":47,"column":8},"end":{"line":55,"column":9}}],"line":47},"6":{"loc":{"start":{"line":59,"column":8},"end":{"line":65,"column":9}},"type":"if","locations":[{"start":{"line":59,"column":8},"end":{"line":65,"column":9}},{"start":{"line":59,"column":8},"end":{"line":65,"column":9}}],"line":59}},"s":{"0":1,"1":4,"2":1,"3":1,"4":1,"5":1,"6":1,"7":1,"8":1,"9":1,"10":1,"11":1,"12":1,"13":1,"14":0,"15":0,"16":0,"17":0,"18":0,"19":0,"20":0,"21":0,"22":0,"23":0,"24":0,"25":0,"26":0,"27":1,"28":1,"29":0,"30":0,"31":0,"32":0,"33":0,"34":0,"35":0,"36":0,"37":0,"38":0,"39":0,"40":0,"41":1},"f":{"0":4,"1":1,"2":1,"3":1,"4":0,"5":1,"6":0,"7":0},"b":{"0":[1,1,1],"1":[3,1],"2":[4,4],"3":[0,0],"4":[0,0],"5":[0,0],"6":[0,0]},"inputSourceMap":{"version":3,"file":"UsersController.js","sourceRoot":"","sources":["UsersController.ts"],"names":[],"mappings":";;;;;AACA,iFAAkC;AAClC,8FAAoD;AACpD,uFAAyC;AACzC,iFAAmC;AAEnC,MAAqB,eAAe;IAIzB,KAAK,CAAC,KAAK,CAAC,GAAuB;QACtC,IAAI,KAAK,GAAQ,MAAM,cAAI,CAAC,KAAK,EAAE,CAAC,OAAO,CAAC,MAAM,CAAC,CAAC,OAAO,CAAC,SAAS,CAAC,CAAA;QACtE,OAAO,KAAK,CAAC;IACjB,CAAC;IAIM,KAAK,CAAC,KAAK,CAAC,EAAC,OAAO,EAAqB;QAC5C,MAAM,IAAI,GAAC,OAAO,CAAC,IAAI,EAAE,CAAC;QAE1B,MAAM,OAAO,GAAM,MAAM,cAAI,CAAC,MAAM,CAAC,IAAI,CAAC,CAAC;QAC3C,OAAO,OAAO,CAAC;IACnB,CAAC;IAIM,KAAK,CAAC,IAAI,CAAC,EAAC,MAAM,EAAqB;QAC1C,IAAI,OAAO,GAAC,MAAM,cAAI,CAAC,KAAK,EAAE,CAAC,KAAK,CAAC,IAAI,EAAC,MAAM,CAAC,EAAE,CAAC,CAAC,OAAO,CAAC,MAAM,CAAC,CAAC,OAAO,CAAC,SAAS,CAAC,CAAC;QACxF,OAAO,OAAO,CAAC;IACnB,CAAC;IAKM,KAAK,CAAC,MAAM,CAAC,EAAC,MAAM,EAAC,OAAO,EAAqB;QACpD,MAAM,IAAI,GAAC,OAAO,CAAC,IAAI,EAAE,CAAC;QAC1B,MAAM,OAAO,GAAM,MAAM,cAAI,CAAC,UAAU,CAAC,MAAM,CAAC,EAAE,CAAC,CAAC;QACpD,OAAO,CAAC,IAAI,GAAC,IAAI,CAAC,IAAI,CAAC;QACvB,OAAO,CAAC,KAAK,GAAC,IAAI,CAAC,KAAK,CAAC;QACzB,OAAO,CAAC,QAAQ,GAAC,oBAAU,CAAC,OAAO,CAAC,IAAI,CAAC,QAAQ,CAAC,CAAC;QACnD,OAAO,CAAC,OAAO,GAAC,IAAI,CAAC,OAAO,CAAC;QAC7B,IAAG,IAAI,CAAC,OAAO,EAAC;YACZ,IAAI,CAAC,OAAO,GAAC,MAAM,CAAC,OAAO,CAAC;YAC5B,MAAM,IAAI,CAAC,OAAO,CAAC,IAAI,CAAC,OAAO,CAAC,CAAC;SACpC;QACD,IAAG,IAAI,CAAC,OAAO,EAAC;YACZ,IAAI,CAAC,OAAO,CAAC,OAAO,GAAC,MAAM,CAAC,EAAE,CAAC;YAC/B,MAAM,IAAI,CAAC,UAAU,CAAC,IAAI,CAAC,OAAO,CAAC,CAAC;SACvC;QAED,OAAO,OAAO,CAAC,IAAI,EAAE,CAAC;IAC1B,CAAC;IAIM,KAAK,CAAC,OAAO,CAAC,EAAC,MAAM,EAAqB;QAC7C,MAAM,OAAO,GAAM,MAAM,cAAI,CAAC,UAAU,CAAC,MAAM,CAAC,EAAE,CAAC,CAAC;QACpD,OAAO,OAAO,CAAC,MAAM,EAAE,CAAC;IAC5B,CAAC;IACM,KAAK,CAAC,UAAU,CAAC,YAAY;QAChC,MAAM,YAAY,GAAC,MAAM,iBAAO,CAAC,MAAM,CAAC,SAAS,EAAC,YAAY,CAAC,OAAO,CAAE,CAAC;QACrE,IAAG,YAAY,EAAC;YACZ,YAAY,CAAC,KAAK,GAAC,YAAY,CAAC,KAAK,CAAC;YACtC,YAAY,CAAC,YAAY,GAAC,YAAY,CAAC,YAAY,CAAC;YACpD,YAAY,CAAC,aAAa,GAAC,YAAY,CAAC,aAAa,CAAC;YACtD,YAAY,CAAC,IAAI,EAAE,CAAC;SACvB;aAAI;YACD,MAAM,iBAAO,CAAC,MAAM,CAAC,YAAY,CAAC,CAAC;SACtC;IACT,CAAC;IACM,KAAK,CAAC,OAAO,CAAC,SAAS;QAC1B,MAAM,IAAI,GAAC,MAAM,cAAI,CAAC,MAAM,CAAC,SAAS,EAAC,SAAS,CAAC,OAAO,CAAE,CAAC;QACvD,IAAG,IAAI,EAAC;YACJ,IAAI,CAAC,IAAI,GAAC,SAAS,CAAC,IAAI,CAAC;YACzB,IAAI,CAAC,IAAI,EAAE,CAAC;SACf;aAAI;YACD,MAAM,cAAI,CAAC,MAAM,CAAC,SAAS,CAAC,CAAC;SAChC;IACT,CAAC;CACJ;AAzED,kCAyEC","sourcesContent":["import type { HttpContextContract } from '@ioc:Adonis/Core/HttpContext'\nimport User from 'App/Models/User'\nimport Encryption from '@ioc:Adonis/Core/Encryption'\nimport Profile from 'App/Models/Profile';\nimport Role from 'App/Models/Role';\n\nexport default class UsersController {\n    /**\n     * Lista todos los Users\n     */\n    public async index(ctx:HttpContextContract){\n        let Users:User[]=await User.query().preload('role').preload('profile')\n        return Users;\n    }\n    /**\n     * Almacena la información de un User\n     */\n    public async store({request}:HttpContextContract){\n        const body=request.body();\n        //body.password=Encryption.encrypt(body.password);\n        const newUser:User=await User.create(body);\n        return newUser;\n    }\n    /**\n     * Muestra la información de un solo User\n     */\n    public async show({params}:HttpContextContract) {\n        let theUser=await User.query().where(\"id\",params.id).preload('role').preload('profile');\n        return theUser;\n    }\n    /**\n     * Actualiza la información de un User basado\n     * en el identificador y nuevos parámetros\n     */\n    public async update({params,request}:HttpContextContract) {\n        const body=request.body();\n        const theUser:User=await User.findOrFail(params.id);\n        theUser.name=body.name;\n        theUser.email=body.email;\n        theUser.password=Encryption.encrypt(body.password);\n        theUser.role_id=body.role_id;\n        if(body.role_id){\n            body.role_id=params.role_id;\n            await this.setRole(body.role_id);\n        }\n        if(body.Profile){\n            body.Profile.user_id=params.id;\n            await this.setProfile(body.Profile);\n        }\n       \n        return theUser.save();\n    }\n    /**\n     * Elimina a un User basado en el identificador\n     */\n    public async destroy({params}:HttpContextContract) {\n        const theUser:User=await User.findOrFail(params.id);\n        return theUser.delete();\n    }   \n    public async setProfile(info_Profile){\n        const Profile_User=await Profile.findBy('user_id',info_Profile.user_id );\n            if(Profile_User){\n                Profile_User.phone=info_Profile.phone;\n                Profile_User.facebook_url=info_Profile.facebook_url;\n                Profile_User.instagram_url=info_Profile.instagram_url;\n                Profile_User.save();\n            }else{\n                await Profile.create(info_Profile);\n            }\n    }\n    public async setRole(info_Role){\n        const role=await Role.findBy('user_id',info_Role.user_id );\n            if(role){\n                role.name=info_Role.name;\n                role.save();\n            }else{\n                await Role.create(info_Role);\n            }\n    } \n}"]},"_coverageSchema":"1a1c01bbd47fc00a2c39e90264f33305004495a9","hash":"f9a800745230dcd2e4396ce34ad0b8d172d2833c"}}